2026-04-24 18:38:48.58316 INFO::Writing function arguments to log file
2026-04-24 18:38:48.58362 DEBUG::Function arguments
2026-04-24 18:38:48.58376 DEBUG::Output folder: /Users/michaelsieler/Library/CloudStorage/Dropbox/Documents/Sharpton_Lab/Projects_Repository/Sieler2026/Results/03__DiffAbund/Stats/maaslin_Parasite_noTank
2026-04-24 18:38:48.583875 DEBUG::Formula: ~Parasite_Exposed
2026-04-24 18:38:48.583982 DEBUG::Fixed effects:
2026-04-24 18:38:48.584086 DEBUG::Reference:
2026-04-24 18:38:48.584188 DEBUG::Random effects:
2026-04-24 18:38:48.584288 DEBUG::Group effects:
2026-04-24 18:38:48.584389 DEBUG::Ordered effects:
2026-04-24 18:38:48.58449 DEBUG::Strata effects:
2026-04-24 18:38:48.584589 DEBUG::Min Abundance: 0.001000
2026-04-24 18:38:48.584688 DEBUG::Min Prevalence: 0.100000
2026-04-24 18:38:48.584785 DEBUG::Max Prevalence: 1.010000
2026-04-24 18:38:48.584879 DEBUG::Zero Threshold: 0.000000
2026-04-24 18:38:48.584975 DEBUG::Min variance: 0.000000
2026-04-24 18:38:48.585073 DEBUG::Max significance: 0.100000
2026-04-24 18:38:48.585198 DEBUG::Normalization: TSS
2026-04-24 18:38:48.58542 DEBUG::Transform: LOG
2026-04-24 18:38:48.585572 DEBUG::Correction method: BH
2026-04-24 18:38:48.585689 DEBUG::Standardize: FALSE
2026-04-24 18:38:48.585795 DEBUG::Abundance median comparison: TRUE
2026-04-24 18:38:48.585898 DEBUG::Prevalence median comparison: FALSE
2026-04-24 18:38:48.585999 DEBUG::Abundance median comparison threshold: 0
2026-04-24 18:38:48.586097 DEBUG::Prevalence median comparison threshold: 0
2026-04-24 18:38:48.586195 DEBUG::Subtract median: FALSE
2026-04-24 18:38:48.586291 DEBUG::Warn prevalence: TRUE
2026-04-24 18:38:48.586922 DEBUG::Small random effects: FALSE
2026-04-24 18:38:48.587138 DEBUG::Augment: TRUE
2026-04-24 18:38:48.587276 DEBUG::Evaluate only:
2026-04-24 18:38:48.587391 DEBUG::Cores: 8
2026-04-24 18:38:48.587496 DEBUG::Balanced Summary plot: FALSE
2026-04-24 18:38:48.58761 INFO::Verifying options selected are valid
2026-04-24 18:38:48.587893 INFO::Determining format of input files
2026-04-24 18:38:48.588098 INFO::Input format is data samples as rows and metadata samples as rows
2026-04-24 18:38:48.588297 DEBUG::A total of 235 samples were found in both the data and metadata
2026-04-24 18:38:48.58859 DEBUG::Reordering data/metadata to use same sample ordering
2026-04-24 18:38:48.589997 INFO::Running selected normalization method: TSS
2026-04-24 18:38:48.596047 INFO::Creating output feature tables folder
2026-04-24 18:38:48.596571 INFO::Writing normalized data to file /Users/michaelsieler/Library/CloudStorage/Dropbox/Documents/Sharpton_Lab/Projects_Repository/Sieler2026/Results/03__DiffAbund/Stats/maaslin_Parasite_noTank/features/data_norm.tsv
2026-04-24 18:38:48.611327 INFO::Filter data based on min abundance, min prevalence, and max prevalence
2026-04-24 18:38:48.611788 INFO::Total samples in data: 235
2026-04-24 18:38:48.612 INFO::Min samples required with min abundance for a feature not to be filtered: 23.500000
2026-04-24 18:38:48.612189 INFO::Max samples allowed with min abundance for a feature not to be filtered: 237.350000
2026-04-24 18:38:48.630664 INFO::Total filtered features: 306
2026-04-24 18:38:48.6313 INFO::Filtered feature names from abundance, min prevalence, and max prevalence filtering: Oleiharenicola, Halomonas, Pseudorhodoplanes, Exiguobacterium, Parachlamydiaceae Genus, Fluviicoccus, Rickettsiaceae Genus, Rhodovarius, Chitinophagales Genus, SWB02, Noviherbaspirillum, Crenobacter, Blfdi19 Genus, Streptococcus, Rhodospirillales Genus, Chloroflexaceae Genus, Paracaedibacteraceae Genus, Lutispora, Beijerinckiaceae Genus, Piscinibacter, Rhodococcus, Frankiales Genus, Bacillus, Phaselicystis, Pedomicrobium, Reyranella, JGI 0001001-H03, Obscuribacteraceae Genus, Candidatus Bealeia, Luteolibacter, Babeliaceae Genus, Ideonella, Arthrobacter, Candidatus Obscuribacter, Hyphomonadaceae Genus, Lysobacter, Terrimonas, Leuconostoc, Psychromonas, Sediminibacterium, SM1A02, Deinococcus, Larkinella, Burkholderia-Caballeronia-Paraburkholderia, Fimbriimonadaceae Genus, Brevifollis, Pajaroellobacter, IS-44, Brevibacterium, Marmoricola, Hyphomicrobium, Cytophaga, Gracilibacteria Genus, Verrucomicrobiaceae Genus, Candidatus Protochlamydia, Armatimonadaceae Genus, Alphaproteobacteria Genus, Microscillaceae Genus, Paludibaculum, Xanthobacteraceae Genus, Sphingomonas, Ilumatobacter, Chryseobacterium, Peptostreptococcus, Leeia, Brevundimonas, Chlamydiales Genus, Agitococcus, Microtrichaceae Genus, Novispirillum, Paucibacter, Unknown Family Genus, Uliginosibacterium, Novosphingobium, Candidatus Berkiella, Pseudobdellovibrio, Chitinibacter, Polyangiia Genus, P3OB-42, Limnobacter, A21b Genus, Shinella, Hydrogenophaga, Burkholderiales Genus, AAP99, SM2D12 Genus, Turicibacter, Rickettsiella, Stagnimonas, Vibrio, Candidatus Ovatusbacter, Vampirovibrio, Bryobacteraceae Genus, Granulicatella, Sphingobium, IMCC26207, Truepera, Caulobacter, Tetragenococcus, Abditibacterium, Chitinivorax, Saccharimonadales Genus, Fundidesulfovibrio, Neochlamydia, Sandaracinaceae Genus, Leucobacter, Ga0077536 Genus, Verrucomicrobiia Genus, Phenylobacterium, Opitutaceae Genus, Micrococcus, Anaerovorax, Micavibrionales Genus, 37-13 Genus, Paracoccus, Sphingopyxis, Rhizorhapis, Gaiellales Genus, Kinneretia, 0319-6G20 Genus, Lactobacillus, Marinomonas, cvE6 Genus, Pir4 lineage, JG30-KF-CM45 Genus, Candidatus Nomurabacteria Genus, mle1-27 Genus, Methylibium, Polymorphobacter, Dyadobacter, Caedibacter, Chitinophagaceae Genus, Agromyces, LiUU-11-161 Genus, Pararhodobacter, Ligilactobacillus, Stella, Neisseriaceae Genus, TM7a, Mariniblastus, Holosporaceae Genus, Parvibium, Afipia, Pseudolysobacter, Arthrospira PCC-7345, Citrobacter, Loigolactobacillus, Glutamicibacter, Rothia, Candidatus Megaira, alphaI cluster, NS11-12 marine group Genus, Blastococcus, Dietzia, Candidatus Finniella, Candidatus Alysiosphaera, Geminicoccaceae Genus, Bacilli Genus, Gemmatimonas, TRA3-20 Genus, Aquicella, KD4-96 Genus, Curvibacter, Brucella, CM1G08, Nocardioides, Aerococcus, Chloracidobacterium, Staphylococcus, Vicinamibacteraceae Genus, Flavihumibacter, Kineosporiaceae Genus, PB19 Genus, Anaerocolumna, Candidatus Paracaedibacter, Thermodesulfobacteriota Genus, Rhizorhabdus, BIrii41 Genus, Kapabacteriales Genus, Dechlorobacter, Aeromicrobium, CL500-3, Ruminiclostridium, Sphingomonadaceae Genus, DEV007 Genus, Pyrinomonadaceae Genus, Nevskiaceae Genus, Vagococcus, Acetobacteroides, Variovorax, Blastocatella, Bryobacter, Trueperella, Ottowia, Oscillospiraceae Genus, Oligoflexaceae Genus, Stenotrophomonas, Pirellula, Sandaracinus, Babeliales Genus, 67-14 Genus, RBG-13-54-9 Genus, Blastomonas, PeM15 Genus, Cypionkella, Caldilineaceae Genus, Enterococcus, Allomeiothermus, Paraconexibacter, Silvanigrellaceae Genus, Defluviimonas, Microbulbifer, Rheinheimera, Ellin6055, Terrisporobacter, Massilia, 11-24 Genus, Thermomicrobiales Genus, Chloronema, Paraclostridium, Pseudomonadales Genus, Methylorubrum, Candidatus Captivus, Weissella, MBNT15 Genus, Brevitalea, Spirosomataceae Genus, Sporichthyaceae Genus, Gemmatimonadaceae Genus, Vibrionaceae Genus, Rhodopseudomonas, Armatimonadota Genus, Thermoactinomycetaceae Genus, DEV114, Simkaniaceae Genus, Azospira, Eremiobacteria Genus, Hirschia, Knoellia, Anoxybacillus, OLB12, Thermus, Sporomusaceae Genus, Chitinimonas, Levilactobacillus, Lysinibacillus, Frisingicoccus, Lactococcus, Rhodospirillaceae Genus, Raineya, Barnesiellaceae Genus, NB1-j Genus, Pirellulaceae Genus, Ferruginibacter, Altererythrobacter, Methylobacterium, Kocuria, Pediococcus, Peptoniphilus, Methylocystis, Mesorhizobium, Hyphomicrobiales Genus, Hassallia, Nannocystis, WY65, Chthoniobacter, Turneriella, Permianibacter, Pseudoduganella, Nordella, Sporocytophaga, Delftia, Steroidobacter, Latilactobacillus, Serinicoccus, Roseicella, IMCC26134, Parcubacteria Genus, Pseudoxanthomonas, Flectobacillus, Desulfotomaculum, Rubripirellula, Candidatus Accumulibacter, KD3-10, Lacibacter, Propionivibrio, Peptostreptococcaceae Genus, Romboutsia, Opitutus, Enhydrobacter, AKYH767 Genus, Lautropia, Methyloversatilis, Bordetella, Dongia, Ramlibacter, Panacibacter, Elsteraceae Genus, Perlucidibaca, Coxiella, Acetivibrio, Polyangiaceae Genus, Agrobacterium, Anaerotaenia, Limosilactobacillus, CL500-29 marine group
2026-04-24 18:38:48.632531 INFO::Total features filtered by non-zero variance filtering: 0
2026-04-24 18:38:48.632777 INFO::Filtered feature names from variance filtering:
2026-04-24 18:38:48.632969 INFO::Writing filtered data to file /Users/michaelsieler/Library/CloudStorage/Dropbox/Documents/Sharpton_Lab/Projects_Repository/Sieler2026/Results/03__DiffAbund/Stats/maaslin_Parasite_noTank/features/filtered_data.tsv
2026-04-24 18:38:48.638437 INFO::Running selected transform method: LOG
2026-04-24 18:38:48.639393 INFO::Writing normalized, filtered, transformed data to file /Users/michaelsieler/Library/CloudStorage/Dropbox/Documents/Sharpton_Lab/Projects_Repository/Sieler2026/Results/03__DiffAbund/Stats/maaslin_Parasite_noTank/features/data_transformed.tsv
2026-04-24 18:38:48.644819 INFO::Factor detected for categorial metadata 'Parasite_Exposed'. Using as-is.
2026-04-24 18:38:48.645078 INFO::Bypass z-score application to metadata
2026-04-24 18:38:48.645296 INFO::Running the linear model component
2026-04-24 18:38:48.646356 INFO::Creating cluster of 8 R processes
2026-04-24 18:38:51.667131 DEBUG::Object: augment, Size: 56
2026-04-24 18:38:51.667757 DEBUG::Object: cluster, Size: 11928
2026-04-24 18:38:51.667948 DEBUG::Object: cores, Size: 56
2026-04-24 18:38:51.668092 DEBUG::Object: correction, Size: 112
2026-04-24 18:38:51.668228 DEBUG::Object: extract_out, Size: 1136
2026-04-24 18:38:51.668371 DEBUG::Object: feature_specific_covariate, Size: 0
2026-04-24 18:38:51.668502 DEBUG::Object: feature_specific_covariate_name, Size: 0
2026-04-24 18:38:51.668616 DEBUG::Object: feature_specific_covariate_record, Size: 0
2026-04-24 18:38:51.668753 DEBUG::Object: features, Size: 164520
2026-04-24 18:38:51.668865 DEBUG::Object: formula, Size: 728
2026-04-24 18:38:51.668993 DEBUG::Object: fun_list, Size: 58768
2026-04-24 18:38:51.669163 DEBUG::Object: func_to_run, Size: 435336
2026-04-24 18:38:51.669287 DEBUG::Object: groups, Size: 48
2026-04-24 18:38:51.669397 DEBUG::Object: median_comparison, Size: 56
2026-04-24 18:38:51.669542 DEBUG::Object: median_comparison_threshold, Size: 56
2026-04-24 18:38:51.669718 DEBUG::Object: metadata, Size: 158664
2026-04-24 18:38:51.669852 DEBUG::Object: model, Size: 112
2026-04-24 18:38:51.669983 DEBUG::Object: model_function, Size: 8864
2026-04-24 18:38:51.670117 DEBUG::Object: ordereds, Size: 48
2026-04-24 18:38:51.670243 DEBUG::Object: random_effects_formula, Size: 0
2026-04-24 18:38:51.670363 DEBUG::Object: ranef_function, Size: 0
2026-04-24 18:38:51.670475 DEBUG::Object: save_models, Size: 56
2026-04-24 18:38:51.670606 DEBUG::Object: small_random_effects, Size: 56
2026-04-24 18:38:51.670719 DEBUG::Object: strata, Size: 48
2026-04-24 18:38:51.670842 DEBUG::Object: subtract_median, Size: 56
2026-04-24 18:38:51.670949 DEBUG::Object: summary_function, Size: 49424
2026-04-24 18:38:51.671089 DEBUG::Object: func_to_run, Size: 435336
2026-04-24 18:38:51.831853 INFO::Performing tests against medians
2026-04-24 18:38:52.004221 INFO::Counting total values for each feature
2026-04-24 18:38:52.005643 INFO::Running the logistic model component
2026-04-24 18:38:52.006985 INFO::Creating cluster of 8 R processes
2026-04-24 18:38:55.033023 DEBUG::Object: augment, Size: 56
2026-04-24 18:38:55.033628 DEBUG::Object: cluster, Size: 11928
2026-04-24 18:38:55.033773 DEBUG::Object: cores, Size: 56
2026-04-24 18:38:55.033899 DEBUG::Object: correction, Size: 112
2026-04-24 18:38:55.034018 DEBUG::Object: extract_out, Size: 1136
2026-04-24 18:38:55.034129 DEBUG::Object: feature_specific_covariate, Size: 0
2026-04-24 18:38:55.034238 DEBUG::Object: feature_specific_covariate_name, Size: 0
2026-04-24 18:38:55.034353 DEBUG::Object: feature_specific_covariate_record, Size: 0
2026-04-24 18:38:55.034474 DEBUG::Object: features, Size: 160264
2026-04-24 18:38:55.034582 DEBUG::Object: formula, Size: 728
2026-04-24 18:38:55.034701 DEBUG::Object: fun_list, Size: 70920
2026-04-24 18:38:55.034856 DEBUG::Object: func_to_run, Size: 435336
2026-04-24 18:38:55.035001 DEBUG::Object: groups, Size: 48
2026-04-24 18:38:55.035113 DEBUG::Object: median_comparison, Size: 56
2026-04-24 18:38:55.035224 DEBUG::Object: median_comparison_threshold, Size: 56
2026-04-24 18:38:55.035372 DEBUG::Object: metadata, Size: 158664
2026-04-24 18:38:55.035478 DEBUG::Object: model, Size: 120
2026-04-24 18:38:55.035585 DEBUG::Object: model_function, Size: 21016
2026-04-24 18:38:55.035695 DEBUG::Object: ordereds, Size: 48
2026-04-24 18:38:55.035801 DEBUG::Object: random_effects_formula, Size: 0
2026-04-24 18:38:55.035908 DEBUG::Object: ranef_function, Size: 0
2026-04-24 18:38:55.036012 DEBUG::Object: save_models, Size: 56
2026-04-24 18:38:55.03612 DEBUG::Object: small_random_effects, Size: 56
2026-04-24 18:38:55.036225 DEBUG::Object: strata, Size: 48
2026-04-24 18:38:55.03633 DEBUG::Object: subtract_median, Size: 56
2026-04-24 18:38:55.036439 DEBUG::Object: summary_function, Size: 49424
2026-04-24 18:38:55.036583 DEBUG::Object: func_to_run, Size: 435336
2026-04-24 18:38:56.090301 INFO::Counting total values for each feature
2026-04-24 18:38:56.092011 INFO::Re-running abundances for warn_prevalence
2026-04-24 18:38:56.092254 INFO::Running selected normalization method: TSS
2026-04-24 18:38:56.098727 INFO::Running selected transform method: LOG
2026-04-24 18:38:56.100135 INFO::Creating cluster of 8 R processes
2026-04-24 18:38:59.200827 DEBUG::Object: augment, Size: 56
2026-04-24 18:38:59.205665 DEBUG::Object: cluster, Size: 11928
2026-04-24 18:38:59.210661 DEBUG::Object: cores, Size: 56
2026-04-24 18:38:59.210867 DEBUG::Object: correction, Size: 112
2026-04-24 18:38:59.211005 DEBUG::Object: extract_out, Size: 1136
2026-04-24 18:38:59.211127 DEBUG::Object: feature_specific_covariate, Size: 0
2026-04-24 18:38:59.211243 DEBUG::Object: feature_specific_covariate_name, Size: 0
2026-04-24 18:38:59.211357 DEBUG::Object: feature_specific_covariate_record, Size: 0
2026-04-24 18:38:59.211481 DEBUG::Object: features, Size: 164520
2026-04-24 18:38:59.211594 DEBUG::Object: formula, Size: 728
2026-04-24 18:38:59.211718 DEBUG::Object: fun_list, Size: 58768
2026-04-24 18:38:59.21187 DEBUG::Object: func_to_run, Size: 435336
2026-04-24 18:38:59.211979 DEBUG::Object: groups, Size: 48
2026-04-24 18:38:59.212092 DEBUG::Object: median_comparison, Size: 56
2026-04-24 18:38:59.212202 DEBUG::Object: median_comparison_threshold, Size: 56
2026-04-24 18:38:59.21236 DEBUG::Object: metadata, Size: 158664
2026-04-24 18:38:59.212467 DEBUG::Object: model, Size: 112
2026-04-24 18:38:59.212576 DEBUG::Object: model_function, Size: 8864
2026-04-24 18:38:59.212684 DEBUG::Object: ordereds, Size: 48
2026-04-24 18:38:59.212788 DEBUG::Object: random_effects_formula, Size: 0
2026-04-24 18:38:59.212894 DEBUG::Object: ranef_function, Size: 0
2026-04-24 18:38:59.212999 DEBUG::Object: save_models, Size: 56
2026-04-24 18:38:59.213105 DEBUG::Object: small_random_effects, Size: 56
2026-04-24 18:38:59.21321 DEBUG::Object: strata, Size: 48
2026-04-24 18:38:59.213314 DEBUG::Object: subtract_median, Size: 56
2026-04-24 18:38:59.213428 DEBUG::Object: summary_function, Size: 49424
2026-04-24 18:38:59.213566 DEBUG::Object: func_to_run, Size: 435336
2026-04-24 18:38:59.384257 INFO::Creating fits folder
2026-04-24 18:38:59.385031 INFO::Writing residuals to file /Users/michaelsieler/Library/CloudStorage/Dropbox/Documents/Sharpton_Lab/Projects_Repository/Sieler2026/Results/03__DiffAbund/Stats/maaslin_Parasite_noTank/fits/residuals_linear.rds
2026-04-24 18:38:59.387938 INFO::Writing fitted values to file /Users/michaelsieler/Library/CloudStorage/Dropbox/Documents/Sharpton_Lab/Projects_Repository/Sieler2026/Results/03__DiffAbund/Stats/maaslin_Parasite_noTank/fits/fitted_linear.rds
2026-04-24 18:38:59.389738 INFO::Writing residuals to file /Users/michaelsieler/Library/CloudStorage/Dropbox/Documents/Sharpton_Lab/Projects_Repository/Sieler2026/Results/03__DiffAbund/Stats/maaslin_Parasite_noTank/fits/residuals_logistic.rds
2026-04-24 18:38:59.392092 INFO::Writing fitted values to file /Users/michaelsieler/Library/CloudStorage/Dropbox/Documents/Sharpton_Lab/Projects_Repository/Sieler2026/Results/03__DiffAbund/Stats/maaslin_Parasite_noTank/fits/fitted_logistic.rds
2026-04-24 18:38:59.394232 INFO::Writing all the results to file (ordered 
            by increasing individual q-values): /Users/michaelsieler/Library/CloudStorage/Dropbox/Documents/Sharpton_Lab/Projects_Repository/Sieler2026/Results/03__DiffAbund/Stats/maaslin_Parasite_noTank/all_results.tsv
2026-04-24 18:38:59.395753 INFO::Writing the significant results without errors (those which have joint q-values less than or equal to the threshold of 0.100000 ) to file (ordered by increasing individual q-values): /Users/michaelsieler/Library/CloudStorage/Dropbox/Documents/Sharpton_Lab/Projects_Repository/Sieler2026/Results/03__DiffAbund/Stats/maaslin_Parasite_noTank/significant_results.tsv
2026-04-24 18:38:59.396603 INFO::Creating output figures folder
2026-04-24 18:38:59.397022 INFO::Writing summary plot of significant
                        results to file: /Users/michaelsieler/Library/CloudStorage/Dropbox/Documents/Sharpton_Lab/Projects_Repository/Sieler2026/Results/03__DiffAbund/Stats/maaslin_Parasite_noTank/figures/summary_plot.pdf
2026-04-24 18:39:00.27177 INFO::Writing association plots (one for each significant association) to output folder: /Users/michaelsieler/Library/CloudStorage/Dropbox/Documents/Sharpton_Lab/Projects_Repository/Sieler2026/Results/03__DiffAbund/Stats/maaslin_Parasite_noTank/figures
2026-04-24 18:39:00.272513 INFO::Plotting associations from most to least significant, grouped by metadata
2026-04-24 18:39:00.274175 INFO::Creating tile plot for categorical data (logistic), Parasite_Exposed vs Cloacibacterium
2026-04-24 18:39:00.300478 INFO::Creating box plot for categorical data (linear), 
                        Parasite_Exposed vs Shewanella
2026-04-24 18:39:00.323075 INFO::Creating box plot for categorical data (linear), 
                        Parasite_Exposed vs Pseudomonas
2026-04-24 18:39:00.34497 INFO::Creating tile plot for categorical data (logistic), Parasite_Exposed vs Comamonadaceae Genus
2026-04-24 18:39:00.370454 INFO::Creating tile plot for categorical data (logistic), Parasite_Exposed vs env.OPS 17 Genus
2026-04-24 18:39:00.39617 INFO::Creating tile plot for categorical data (logistic), Parasite_Exposed vs Vampirovibrionaceae Genus
2026-04-24 18:39:00.424053 INFO::Creating box plot for categorical data (linear), 
                        Parasite_Exposed vs Cloacibacterium
2026-04-24 18:39:00.448728 INFO::Creating tile plot for categorical data (logistic), Parasite_Exposed vs Chryseotalea
2026-04-24 18:39:00.476597 INFO::Creating box plot for categorical data (linear), 
                        Parasite_Exposed vs Flavobacterium
2026-04-24 18:39:00.500665 INFO::Creating tile plot for categorical data (logistic), Parasite_Exposed vs Acinetobacter
2026-04-24 18:39:00.529063 INFO::Creating tile plot for categorical data (logistic), Parasite_Exposed vs Rhizobium
2026-04-24 18:39:00.557276 INFO::Creating tile plot for categorical data (logistic), Parasite_Exposed vs Bdellovibrio
2026-04-24 18:39:00.585725 INFO::Creating tile plot for categorical data (logistic), Parasite_Exposed vs NS9 marine group Genus
2026-04-24 18:39:00.620292 INFO::Creating tile plot for categorical data (logistic), Parasite_Exposed vs Flavobacterium
2026-04-24 18:39:00.646087 INFO::Creating tile plot for categorical data (logistic), Parasite_Exposed vs Rubrivivax
2026-04-24 18:39:00.67134 INFO::Creating box plot for categorical data (linear), 
                        Parasite_Exposed vs Dinghuibacter
2026-04-24 18:39:00.695041 INFO::Creating box plot for categorical data (linear), 
                        Parasite_Exposed vs Rubrivivax
2026-04-24 18:39:00.716842 INFO::Creating box plot for categorical data (linear), 
                        Parasite_Exposed vs Cellvibrio
2026-04-24 18:39:00.738285 INFO::Creating tile plot for categorical data (logistic), Parasite_Exposed vs Fuscovulum
2026-04-24 18:39:00.763947 INFO::Creating tile plot for categorical data (logistic), Parasite_Exposed vs Bradyrhizobium
2026-04-24 18:39:00.789629 INFO::Creating box plot for categorical data (linear), 
                        Parasite_Exposed vs Aeromonas
2026-04-24 18:39:00.812158 INFO::Creating tile plot for categorical data (logistic), Parasite_Exposed vs Niveibacterium
2026-04-24 18:39:00.837535 INFO::Creating box plot for categorical data (linear), 
                        Parasite_Exposed vs Tundrisphaera
2026-04-24 18:39:00.859555 INFO::Creating tile plot for categorical data (logistic), Parasite_Exposed vs Nocardia
2026-04-24 18:39:00.885033 INFO::Creating tile plot for categorical data (logistic), Parasite_Exposed vs Sutterellaceae Genus
2026-04-24 18:39:00.910709 INFO::Creating tile plot for categorical data (logistic), Parasite_Exposed vs Vogesella
2026-04-24 18:39:00.946139 INFO::Creating tile plot for categorical data (logistic), Parasite_Exposed vs Hyphomicrobiales Incertae Sedis Genus
2026-04-24 18:39:00.973419 INFO::Creating tile plot for categorical data (logistic), Parasite_Exposed vs Rhodocyclaceae Genus
2026-04-24 18:39:00.999161 INFO::Creating tile plot for categorical data (logistic), Parasite_Exposed vs Devosia
2026-04-24 18:39:01.025223 INFO::Creating box plot for categorical data (linear), 
                        Parasite_Exposed vs Paenirhodobacter
