2026-04-24 18:39:20.918747 INFO::Writing function arguments to log file
2026-04-24 18:39:20.919096 DEBUG::Function arguments
2026-04-24 18:39:20.919355 DEBUG::Output folder: /Users/michaelsieler/Library/CloudStorage/Dropbox/Documents/Sharpton_Lab/Projects_Repository/Sieler2026/Results/03__DiffAbund/Stats/maaslin_StressHistoryFactor_Tank
2026-04-24 18:39:20.919464 DEBUG::Formula: ~HistoryLevel_f + (1 | Tank.ID)
2026-04-24 18:39:20.919574 DEBUG::Fixed effects:
2026-04-24 18:39:20.919674 DEBUG::Reference:
2026-04-24 18:39:20.919774 DEBUG::Random effects:
2026-04-24 18:39:20.91987 DEBUG::Group effects:
2026-04-24 18:39:20.919966 DEBUG::Ordered effects:
2026-04-24 18:39:20.920062 DEBUG::Strata effects:
2026-04-24 18:39:20.920157 DEBUG::Min Abundance: 0.001000
2026-04-24 18:39:20.920251 DEBUG::Min Prevalence: 0.100000
2026-04-24 18:39:20.920345 DEBUG::Max Prevalence: 1.010000
2026-04-24 18:39:20.920438 DEBUG::Zero Threshold: 0.000000
2026-04-24 18:39:20.920532 DEBUG::Min variance: 0.000000
2026-04-24 18:39:20.920625 DEBUG::Max significance: 0.100000
2026-04-24 18:39:20.920717 DEBUG::Normalization: TSS
2026-04-24 18:39:20.920809 DEBUG::Transform: LOG
2026-04-24 18:39:20.9209 DEBUG::Correction method: BH
2026-04-24 18:39:20.920992 DEBUG::Standardize: FALSE
2026-04-24 18:39:20.921084 DEBUG::Abundance median comparison: TRUE
2026-04-24 18:39:20.92118 DEBUG::Prevalence median comparison: FALSE
2026-04-24 18:39:20.921275 DEBUG::Abundance median comparison threshold: 0
2026-04-24 18:39:20.92137 DEBUG::Prevalence median comparison threshold: 0
2026-04-24 18:39:20.921472 DEBUG::Subtract median: FALSE
2026-04-24 18:39:20.921576 DEBUG::Warn prevalence: TRUE
2026-04-24 18:39:20.92175 DEBUG::Small random effects: TRUE
2026-04-24 18:39:20.921955 DEBUG::Augment: TRUE
2026-04-24 18:39:20.922114 DEBUG::Evaluate only:
2026-04-24 18:39:20.922249 DEBUG::Cores: 8
2026-04-24 18:39:20.922366 DEBUG::Balanced Summary plot: FALSE
2026-04-24 18:39:20.922489 INFO::Verifying options selected are valid
2026-04-24 18:39:20.922764 INFO::Determining format of input files
2026-04-24 18:39:20.922983 INFO::Input format is data samples as rows and metadata samples as rows
2026-04-24 18:39:20.923182 DEBUG::A total of 235 samples were found in both the data and metadata
2026-04-24 18:39:20.923319 DEBUG::Reordering data/metadata to use same sample ordering
2026-04-24 18:39:20.924715 INFO::Running selected normalization method: TSS
2026-04-24 18:39:20.930504 INFO::Creating output feature tables folder
2026-04-24 18:39:20.931024 INFO::Writing normalized data to file /Users/michaelsieler/Library/CloudStorage/Dropbox/Documents/Sharpton_Lab/Projects_Repository/Sieler2026/Results/03__DiffAbund/Stats/maaslin_StressHistoryFactor_Tank/features/data_norm.tsv
2026-04-24 18:39:20.945789 INFO::Filter data based on min abundance, min prevalence, and max prevalence
2026-04-24 18:39:20.946081 INFO::Total samples in data: 235
2026-04-24 18:39:20.946281 INFO::Min samples required with min abundance for a feature not to be filtered: 23.500000
2026-04-24 18:39:20.94648 INFO::Max samples allowed with min abundance for a feature not to be filtered: 237.350000
2026-04-24 18:39:20.964709 INFO::Total filtered features: 306
2026-04-24 18:39:20.966148 INFO::Filtered feature names from abundance, min prevalence, and max prevalence filtering: Oleiharenicola, Halomonas, Pseudorhodoplanes, Exiguobacterium, Parachlamydiaceae Genus, Fluviicoccus, Rickettsiaceae Genus, Rhodovarius, Chitinophagales Genus, SWB02, Noviherbaspirillum, Crenobacter, Blfdi19 Genus, Streptococcus, Rhodospirillales Genus, Chloroflexaceae Genus, Paracaedibacteraceae Genus, Lutispora, Beijerinckiaceae Genus, Piscinibacter, Rhodococcus, Frankiales Genus, Bacillus, Phaselicystis, Pedomicrobium, Reyranella, JGI 0001001-H03, Obscuribacteraceae Genus, Candidatus Bealeia, Luteolibacter, Babeliaceae Genus, Ideonella, Arthrobacter, Candidatus Obscuribacter, Hyphomonadaceae Genus, Lysobacter, Terrimonas, Leuconostoc, Psychromonas, Sediminibacterium, SM1A02, Deinococcus, Larkinella, Burkholderia-Caballeronia-Paraburkholderia, Fimbriimonadaceae Genus, Brevifollis, Pajaroellobacter, IS-44, Brevibacterium, Marmoricola, Hyphomicrobium, Cytophaga, Gracilibacteria Genus, Verrucomicrobiaceae Genus, Candidatus Protochlamydia, Armatimonadaceae Genus, Alphaproteobacteria Genus, Microscillaceae Genus, Paludibaculum, Xanthobacteraceae Genus, Sphingomonas, Ilumatobacter, Chryseobacterium, Peptostreptococcus, Leeia, Brevundimonas, Chlamydiales Genus, Agitococcus, Microtrichaceae Genus, Novispirillum, Paucibacter, Unknown Family Genus, Uliginosibacterium, Novosphingobium, Candidatus Berkiella, Pseudobdellovibrio, Chitinibacter, Polyangiia Genus, P3OB-42, Limnobacter, A21b Genus, Shinella, Hydrogenophaga, Burkholderiales Genus, AAP99, SM2D12 Genus, Turicibacter, Rickettsiella, Stagnimonas, Vibrio, Candidatus Ovatusbacter, Vampirovibrio, Bryobacteraceae Genus, Granulicatella, Sphingobium, IMCC26207, Truepera, Caulobacter, Tetragenococcus, Abditibacterium, Chitinivorax, Saccharimonadales Genus, Fundidesulfovibrio, Neochlamydia, Sandaracinaceae Genus, Leucobacter, Ga0077536 Genus, Verrucomicrobiia Genus, Phenylobacterium, Opitutaceae Genus, Micrococcus, Anaerovorax, Micavibrionales Genus, 37-13 Genus, Paracoccus, Sphingopyxis, Rhizorhapis, Gaiellales Genus, Kinneretia, 0319-6G20 Genus, Lactobacillus, Marinomonas, cvE6 Genus, Pir4 lineage, JG30-KF-CM45 Genus, Candidatus Nomurabacteria Genus, mle1-27 Genus, Methylibium, Polymorphobacter, Dyadobacter, Caedibacter, Chitinophagaceae Genus, Agromyces, LiUU-11-161 Genus, Pararhodobacter, Ligilactobacillus, Stella, Neisseriaceae Genus, TM7a, Mariniblastus, Holosporaceae Genus, Parvibium, Afipia, Pseudolysobacter, Arthrospira PCC-7345, Citrobacter, Loigolactobacillus, Glutamicibacter, Rothia, Candidatus Megaira, alphaI cluster, NS11-12 marine group Genus, Blastococcus, Dietzia, Candidatus Finniella, Candidatus Alysiosphaera, Geminicoccaceae Genus, Bacilli Genus, Gemmatimonas, TRA3-20 Genus, Aquicella, KD4-96 Genus, Curvibacter, Brucella, CM1G08, Nocardioides, Aerococcus, Chloracidobacterium, Staphylococcus, Vicinamibacteraceae Genus, Flavihumibacter, Kineosporiaceae Genus, PB19 Genus, Anaerocolumna, Candidatus Paracaedibacter, Thermodesulfobacteriota Genus, Rhizorhabdus, BIrii41 Genus, Kapabacteriales Genus, Dechlorobacter, Aeromicrobium, CL500-3, Ruminiclostridium, Sphingomonadaceae Genus, DEV007 Genus, Pyrinomonadaceae Genus, Nevskiaceae Genus, Vagococcus, Acetobacteroides, Variovorax, Blastocatella, Bryobacter, Trueperella, Ottowia, Oscillospiraceae Genus, Oligoflexaceae Genus, Stenotrophomonas, Pirellula, Sandaracinus, Babeliales Genus, 67-14 Genus, RBG-13-54-9 Genus, Blastomonas, PeM15 Genus, Cypionkella, Caldilineaceae Genus, Enterococcus, Allomeiothermus, Paraconexibacter, Silvanigrellaceae Genus, Defluviimonas, Microbulbifer, Rheinheimera, Ellin6055, Terrisporobacter, Massilia, 11-24 Genus, Thermomicrobiales Genus, Chloronema, Paraclostridium, Pseudomonadales Genus, Methylorubrum, Candidatus Captivus, Weissella, MBNT15 Genus, Brevitalea, Spirosomataceae Genus, Sporichthyaceae Genus, Gemmatimonadaceae Genus, Vibrionaceae Genus, Rhodopseudomonas, Armatimonadota Genus, Thermoactinomycetaceae Genus, DEV114, Simkaniaceae Genus, Azospira, Eremiobacteria Genus, Hirschia, Knoellia, Anoxybacillus, OLB12, Thermus, Sporomusaceae Genus, Chitinimonas, Levilactobacillus, Lysinibacillus, Frisingicoccus, Lactococcus, Rhodospirillaceae Genus, Raineya, Barnesiellaceae Genus, NB1-j Genus, Pirellulaceae Genus, Ferruginibacter, Altererythrobacter, Methylobacterium, Kocuria, Pediococcus, Peptoniphilus, Methylocystis, Mesorhizobium, Hyphomicrobiales Genus, Hassallia, Nannocystis, WY65, Chthoniobacter, Turneriella, Permianibacter, Pseudoduganella, Nordella, Sporocytophaga, Delftia, Steroidobacter, Latilactobacillus, Serinicoccus, Roseicella, IMCC26134, Parcubacteria Genus, Pseudoxanthomonas, Flectobacillus, Desulfotomaculum, Rubripirellula, Candidatus Accumulibacter, KD3-10, Lacibacter, Propionivibrio, Peptostreptococcaceae Genus, Romboutsia, Opitutus, Enhydrobacter, AKYH767 Genus, Lautropia, Methyloversatilis, Bordetella, Dongia, Ramlibacter, Panacibacter, Elsteraceae Genus, Perlucidibaca, Coxiella, Acetivibrio, Polyangiaceae Genus, Agrobacterium, Anaerotaenia, Limosilactobacillus, CL500-29 marine group
2026-04-24 18:39:20.96738 INFO::Total features filtered by non-zero variance filtering: 0
2026-04-24 18:39:20.967664 INFO::Filtered feature names from variance filtering:
2026-04-24 18:39:20.973424 INFO::Writing filtered data to file /Users/michaelsieler/Library/CloudStorage/Dropbox/Documents/Sharpton_Lab/Projects_Repository/Sieler2026/Results/03__DiffAbund/Stats/maaslin_StressHistoryFactor_Tank/features/filtered_data.tsv
2026-04-24 18:39:20.985955 INFO::Running selected transform method: LOG
2026-04-24 18:39:20.986859 INFO::Writing normalized, filtered, transformed data to file /Users/michaelsieler/Library/CloudStorage/Dropbox/Documents/Sharpton_Lab/Projects_Repository/Sieler2026/Results/03__DiffAbund/Stats/maaslin_StressHistoryFactor_Tank/features/data_transformed.tsv
2026-04-24 18:39:20.992394 INFO::Factor detected for categorial metadata 'HistoryLevel_f'. Using as-is.
2026-04-24 18:39:20.992726 INFO::Bypass z-score application to metadata
2026-04-24 18:39:20.992948 INFO::Running the linear model component
2026-04-24 18:39:20.994081 INFO::Creating cluster of 8 R processes
2026-04-24 18:39:24.224567 DEBUG::Object: augment, Size: 56
2026-04-24 18:39:24.224949 DEBUG::Object: cluster, Size: 11928
2026-04-24 18:39:24.225204 DEBUG::Object: cores, Size: 56
2026-04-24 18:39:24.225326 DEBUG::Object: correction, Size: 112
2026-04-24 18:39:24.225446 DEBUG::Object: extract_out, Size: 1864
2026-04-24 18:39:24.225573 DEBUG::Object: feature_specific_covariate, Size: 0
2026-04-24 18:39:24.225678 DEBUG::Object: feature_specific_covariate_name, Size: 0
2026-04-24 18:39:24.225784 DEBUG::Object: feature_specific_covariate_record, Size: 0
2026-04-24 18:39:24.225898 DEBUG::Object: features, Size: 164520
2026-04-24 18:39:24.226002 DEBUG::Object: formula, Size: 1456
2026-04-24 18:39:24.226122 DEBUG::Object: fun_list, Size: 124640
2026-04-24 18:39:24.226266 DEBUG::Object: func_to_run, Size: 435336
2026-04-24 18:39:24.22637 DEBUG::Object: groups, Size: 48
2026-04-24 18:39:24.226469 DEBUG::Object: median_comparison, Size: 56
2026-04-24 18:39:24.226569 DEBUG::Object: median_comparison_threshold, Size: 56
2026-04-24 18:39:24.226709 DEBUG::Object: metadata, Size: 158664
2026-04-24 18:39:24.226809 DEBUG::Object: model, Size: 112
2026-04-24 18:39:24.226915 DEBUG::Object: model_function, Size: 71464
2026-04-24 18:39:24.227015 DEBUG::Object: ordereds, Size: 48
2026-04-24 18:39:24.227115 DEBUG::Object: random_effects_formula, Size: 1456
2026-04-24 18:39:24.227214 DEBUG::Object: ranef_function, Size: 1240
2026-04-24 18:39:24.227314 DEBUG::Object: save_models, Size: 56
2026-04-24 18:39:24.227416 DEBUG::Object: small_random_effects, Size: 56
2026-04-24 18:39:24.227516 DEBUG::Object: strata, Size: 48
2026-04-24 18:39:24.227617 DEBUG::Object: subtract_median, Size: 56
2026-04-24 18:39:24.227722 DEBUG::Object: summary_function, Size: 51456
2026-04-24 18:39:24.227859 DEBUG::Object: func_to_run, Size: 435336
2026-04-24 18:39:25.207452 INFO::Performing tests against medians
2026-04-24 18:39:25.53311 INFO::Counting total values for each feature
2026-04-24 18:39:25.535271 INFO::Running the logistic model component
2026-04-24 18:39:25.536769 INFO::Creating cluster of 8 R processes
2026-04-24 18:39:28.570996 DEBUG::Object: augment, Size: 56
2026-04-24 18:39:28.571388 DEBUG::Object: cluster, Size: 11928
2026-04-24 18:39:28.571543 DEBUG::Object: cores, Size: 56
2026-04-24 18:39:28.571671 DEBUG::Object: correction, Size: 112
2026-04-24 18:39:28.571787 DEBUG::Object: extract_out, Size: 1864
2026-04-24 18:39:28.571902 DEBUG::Object: feature_specific_covariate, Size: 0
2026-04-24 18:39:28.572017 DEBUG::Object: feature_specific_covariate_name, Size: 0
2026-04-24 18:39:28.572124 DEBUG::Object: feature_specific_covariate_record, Size: 0
2026-04-24 18:39:28.572264 DEBUG::Object: features, Size: 160264
2026-04-24 18:39:28.572384 DEBUG::Object: fixed_part, Size: 728
2026-04-24 18:39:28.572605 DEBUG::Object: formula, Size: 1008
2026-04-24 18:39:28.572803 DEBUG::Object: fun_list, Size: 70920
2026-04-24 18:39:28.572986 DEBUG::Object: func_to_run, Size: 435336
2026-04-24 18:39:28.57313 DEBUG::Object: grouping, Size: 112
2026-04-24 18:39:28.573265 DEBUG::Object: groups, Size: 48
2026-04-24 18:39:28.57338 DEBUG::Object: median_comparison, Size: 56
2026-04-24 18:39:28.573492 DEBUG::Object: median_comparison_threshold, Size: 56
2026-04-24 18:39:28.573651 DEBUG::Object: metadata, Size: 158664
2026-04-24 18:39:28.573773 DEBUG::Object: model, Size: 120
2026-04-24 18:39:28.573889 DEBUG::Object: model_function, Size: 21016
2026-04-24 18:39:28.574003 DEBUG::Object: new_formula, Size: 1008
2026-04-24 18:39:28.574108 DEBUG::Object: ordereds, Size: 48
2026-04-24 18:39:28.574213 DEBUG::Object: random_effects_formula, Size: 0
2026-04-24 18:39:28.574319 DEBUG::Object: random_terms, Size: 392
2026-04-24 18:39:28.574422 DEBUG::Object: ranef_function, Size: 0
2026-04-24 18:39:28.574526 DEBUG::Object: save_models, Size: 56
2026-04-24 18:39:28.574639 DEBUG::Object: small_random_effects, Size: 56
2026-04-24 18:39:28.574746 DEBUG::Object: strata, Size: 48
2026-04-24 18:39:28.574852 DEBUG::Object: subtract_median, Size: 56
2026-04-24 18:39:28.574961 DEBUG::Object: summary_function, Size: 49424
2026-04-24 18:39:28.575099 DEBUG::Object: func_to_run, Size: 435336
2026-04-24 18:39:29.672294 INFO::Counting total values for each feature
2026-04-24 18:39:29.674464 INFO::Re-running abundances for warn_prevalence
2026-04-24 18:39:29.674832 INFO::Running selected normalization method: TSS
2026-04-24 18:39:29.680985 INFO::Running selected transform method: LOG
2026-04-24 18:39:29.682353 INFO::Creating cluster of 8 R processes
2026-04-24 18:39:33.003633 DEBUG::Object: augment, Size: 56
2026-04-24 18:39:33.004077 DEBUG::Object: cluster, Size: 11928
2026-04-24 18:39:33.004288 DEBUG::Object: cores, Size: 56
2026-04-24 18:39:33.004427 DEBUG::Object: correction, Size: 112
2026-04-24 18:39:33.004553 DEBUG::Object: extract_out, Size: 1864
2026-04-24 18:39:33.004669 DEBUG::Object: feature_specific_covariate, Size: 0
2026-04-24 18:39:33.004782 DEBUG::Object: feature_specific_covariate_name, Size: 0
2026-04-24 18:39:33.004895 DEBUG::Object: feature_specific_covariate_record, Size: 0
2026-04-24 18:39:33.005015 DEBUG::Object: features, Size: 164520
2026-04-24 18:39:33.005127 DEBUG::Object: formula, Size: 1456
2026-04-24 18:39:33.005255 DEBUG::Object: fun_list, Size: 124640
2026-04-24 18:39:33.005409 DEBUG::Object: func_to_run, Size: 435336
2026-04-24 18:39:33.005519 DEBUG::Object: groups, Size: 48
2026-04-24 18:39:33.005629 DEBUG::Object: median_comparison, Size: 56
2026-04-24 18:39:33.00595 DEBUG::Object: median_comparison_threshold, Size: 56
2026-04-24 18:39:33.006182 DEBUG::Object: metadata, Size: 158664
2026-04-24 18:39:33.006332 DEBUG::Object: model, Size: 112
2026-04-24 18:39:33.006471 DEBUG::Object: model_function, Size: 71464
2026-04-24 18:39:33.006594 DEBUG::Object: ordereds, Size: 48
2026-04-24 18:39:33.006715 DEBUG::Object: random_effects_formula, Size: 1456
2026-04-24 18:39:33.006838 DEBUG::Object: ranef_function, Size: 1240
2026-04-24 18:39:33.006948 DEBUG::Object: save_models, Size: 56
2026-04-24 18:39:33.007063 DEBUG::Object: small_random_effects, Size: 56
2026-04-24 18:39:33.00717 DEBUG::Object: strata, Size: 48
2026-04-24 18:39:33.007282 DEBUG::Object: subtract_median, Size: 56
2026-04-24 18:39:33.007398 DEBUG::Object: summary_function, Size: 51456
2026-04-24 18:39:33.007543 DEBUG::Object: func_to_run, Size: 435336
2026-04-24 18:39:34.095467 INFO::Creating fits folder
2026-04-24 18:39:34.096037 INFO::Writing residuals to file /Users/michaelsieler/Library/CloudStorage/Dropbox/Documents/Sharpton_Lab/Projects_Repository/Sieler2026/Results/03__DiffAbund/Stats/maaslin_StressHistoryFactor_Tank/fits/residuals_linear.rds
2026-04-24 18:39:34.09959 INFO::Writing fitted values to file /Users/michaelsieler/Library/CloudStorage/Dropbox/Documents/Sharpton_Lab/Projects_Repository/Sieler2026/Results/03__DiffAbund/Stats/maaslin_StressHistoryFactor_Tank/fits/fitted_linear.rds
2026-04-24 18:39:34.101662 INFO::Writing extracted random effects to file /Users/michaelsieler/Library/CloudStorage/Dropbox/Documents/Sharpton_Lab/Projects_Repository/Sieler2026/Results/03__DiffAbund/Stats/maaslin_StressHistoryFactor_Tank/fits/ranef_linear.rds
2026-04-24 18:39:34.102269 INFO::Writing residuals to file /Users/michaelsieler/Library/CloudStorage/Dropbox/Documents/Sharpton_Lab/Projects_Repository/Sieler2026/Results/03__DiffAbund/Stats/maaslin_StressHistoryFactor_Tank/fits/residuals_logistic.rds
2026-04-24 18:39:34.105809 INFO::Writing fitted values to file /Users/michaelsieler/Library/CloudStorage/Dropbox/Documents/Sharpton_Lab/Projects_Repository/Sieler2026/Results/03__DiffAbund/Stats/maaslin_StressHistoryFactor_Tank/fits/fitted_logistic.rds
2026-04-24 18:39:34.108734 INFO::Writing extracted random effects to file /Users/michaelsieler/Library/CloudStorage/Dropbox/Documents/Sharpton_Lab/Projects_Repository/Sieler2026/Results/03__DiffAbund/Stats/maaslin_StressHistoryFactor_Tank/fits/ranef_logistic.rds
2026-04-24 18:39:34.109531 INFO::Writing all the results to file (ordered 
            by increasing individual q-values): /Users/michaelsieler/Library/CloudStorage/Dropbox/Documents/Sharpton_Lab/Projects_Repository/Sieler2026/Results/03__DiffAbund/Stats/maaslin_StressHistoryFactor_Tank/all_results.tsv
2026-04-24 18:39:34.111137 INFO::Writing the significant results without errors (those which have joint q-values less than or equal to the threshold of 0.100000 ) to file (ordered by increasing individual q-values): /Users/michaelsieler/Library/CloudStorage/Dropbox/Documents/Sharpton_Lab/Projects_Repository/Sieler2026/Results/03__DiffAbund/Stats/maaslin_StressHistoryFactor_Tank/significant_results.tsv
2026-04-24 18:39:34.111723 INFO::Creating output figures folder
2026-04-24 18:39:34.112138 INFO::Writing summary plot of significant
                        results to file: /Users/michaelsieler/Library/CloudStorage/Dropbox/Documents/Sharpton_Lab/Projects_Repository/Sieler2026/Results/03__DiffAbund/Stats/maaslin_StressHistoryFactor_Tank/figures/summary_plot.pdf
2026-04-24 18:39:35.17713 INFO::Writing association plots (one for each significant association) to output folder: /Users/michaelsieler/Library/CloudStorage/Dropbox/Documents/Sharpton_Lab/Projects_Repository/Sieler2026/Results/03__DiffAbund/Stats/maaslin_StressHistoryFactor_Tank/figures
2026-04-24 18:39:35.177787 INFO::Plotting associations from most to least significant, grouped by metadata
2026-04-24 18:39:35.17943 INFO::Creating tile plot for categorical data (logistic), HistoryLevel_f vs Cloacibacterium
2026-04-24 18:39:35.204813 INFO::Creating tile plot for categorical data (logistic), HistoryLevel_f vs Flavobacterium
2026-04-24 18:39:35.233332 INFO::Creating tile plot for categorical data (logistic), HistoryLevel_f vs Rhodocyclaceae Genus
2026-04-24 18:39:35.261627 INFO::Creating tile plot for categorical data (logistic), HistoryLevel_f vs Vampirovibrionaceae Genus
2026-04-24 18:39:35.295221 INFO::Creating tile plot for categorical data (logistic), HistoryLevel_f vs Ensifer
2026-04-24 18:39:35.320781 INFO::Creating tile plot for categorical data (logistic), HistoryLevel_f vs Vogesella
2026-04-24 18:39:35.347429 INFO::Creating box plot for categorical data (linear), 
                        HistoryLevel_f vs Aeromonas
2026-04-24 18:39:35.369659 INFO::Creating tile plot for categorical data (logistic), HistoryLevel_f vs Rhizobiaceae Genus
2026-04-24 18:39:35.399149 INFO::Creating tile plot for categorical data (logistic), HistoryLevel_f vs Sutterellaceae Genus
2026-04-24 18:39:35.424998 INFO::Creating tile plot for categorical data (logistic), HistoryLevel_f vs Acinetobacter
2026-04-24 18:39:35.450283 INFO::Creating tile plot for categorical data (logistic), HistoryLevel_f vs Undibacterium
2026-04-24 18:39:35.475387 INFO::Creating tile plot for categorical data (logistic), HistoryLevel_f vs Telmatocola
2026-04-24 18:39:35.50021 INFO::Creating tile plot for categorical data (logistic), HistoryLevel_f vs Cellvibrio
2026-04-24 18:39:35.525773 INFO::Creating tile plot for categorical data (logistic), HistoryLevel_f vs Gemmataceae Genus
2026-04-24 18:39:35.551871 INFO::Creating tile plot for categorical data (logistic), HistoryLevel_f vs Chitinilyticum
