2026-04-24 18:37:51.74032 INFO::Writing function arguments to log file
2026-04-24 18:37:51.74298 DEBUG::Function arguments
2026-04-24 18:37:51.745193 DEBUG::Output folder: /Users/michaelsieler/Library/CloudStorage/Dropbox/Documents/Sharpton_Lab/Projects_Repository/Sieler2026/Results/03__DiffAbund/Stats/maaslin_ExposureRegimes_Tank
2026-04-24 18:37:51.74531 DEBUG::Formula: ~Treatment + (1 | Tank.ID)
2026-04-24 18:37:51.745417 DEBUG::Fixed effects:
2026-04-24 18:37:51.745551 DEBUG::Reference:
2026-04-24 18:37:51.745641 DEBUG::Random effects:
2026-04-24 18:37:51.745729 DEBUG::Group effects:
2026-04-24 18:37:51.74582 DEBUG::Ordered effects:
2026-04-24 18:37:51.745915 DEBUG::Strata effects:
2026-04-24 18:37:51.746029 DEBUG::Min Abundance: 0.001000
2026-04-24 18:37:51.746134 DEBUG::Min Prevalence: 0.100000
2026-04-24 18:37:51.746225 DEBUG::Max Prevalence: 1.010000
2026-04-24 18:37:51.746322 DEBUG::Zero Threshold: 0.000000
2026-04-24 18:37:51.746414 DEBUG::Min variance: 0.000000
2026-04-24 18:37:51.746514 DEBUG::Max significance: 0.100000
2026-04-24 18:37:51.746609 DEBUG::Normalization: TSS
2026-04-24 18:37:51.746703 DEBUG::Transform: LOG
2026-04-24 18:37:51.746797 DEBUG::Correction method: BH
2026-04-24 18:37:51.746891 DEBUG::Standardize: FALSE
2026-04-24 18:37:51.746991 DEBUG::Abundance median comparison: TRUE
2026-04-24 18:37:51.747086 DEBUG::Prevalence median comparison: FALSE
2026-04-24 18:37:51.747193 DEBUG::Abundance median comparison threshold: 0
2026-04-24 18:37:51.747295 DEBUG::Prevalence median comparison threshold: 0
2026-04-24 18:37:51.747397 DEBUG::Subtract median: FALSE
2026-04-24 18:37:51.7475 DEBUG::Warn prevalence: TRUE
2026-04-24 18:37:51.747596 DEBUG::Small random effects: TRUE
2026-04-24 18:37:51.747696 DEBUG::Augment: TRUE
2026-04-24 18:37:51.747799 DEBUG::Evaluate only:
2026-04-24 18:37:51.747901 DEBUG::Cores: 8
2026-04-24 18:37:51.747998 DEBUG::Balanced Summary plot: FALSE
2026-04-24 18:37:51.748525 INFO::Verifying options selected are valid
2026-04-24 18:37:51.749312 INFO::Determining format of input files
2026-04-24 18:37:51.749639 INFO::Input format is data samples as rows and metadata samples as rows
2026-04-24 18:37:51.74988 DEBUG::A total of 235 samples were found in both the data and metadata
2026-04-24 18:37:51.750041 DEBUG::Reordering data/metadata to use same sample ordering
2026-04-24 18:37:51.751781 INFO::Running selected normalization method: TSS
2026-04-24 18:37:51.757871 INFO::Creating output feature tables folder
2026-04-24 18:37:51.758312 INFO::Writing normalized data to file /Users/michaelsieler/Library/CloudStorage/Dropbox/Documents/Sharpton_Lab/Projects_Repository/Sieler2026/Results/03__DiffAbund/Stats/maaslin_ExposureRegimes_Tank/features/data_norm.tsv
2026-04-24 18:37:51.784168 INFO::Filter data based on min abundance, min prevalence, and max prevalence
2026-04-24 18:37:51.784584 INFO::Total samples in data: 235
2026-04-24 18:37:51.784824 INFO::Min samples required with min abundance for a feature not to be filtered: 23.500000
2026-04-24 18:37:51.785014 INFO::Max samples allowed with min abundance for a feature not to be filtered: 237.350000
2026-04-24 18:37:51.817327 INFO::Total filtered features: 306
2026-04-24 18:37:51.817813 INFO::Filtered feature names from abundance, min prevalence, and max prevalence filtering: Oleiharenicola, Halomonas, Pseudorhodoplanes, Exiguobacterium, Parachlamydiaceae Genus, Fluviicoccus, Rickettsiaceae Genus, Rhodovarius, Chitinophagales Genus, SWB02, Noviherbaspirillum, Crenobacter, Blfdi19 Genus, Streptococcus, Rhodospirillales Genus, Chloroflexaceae Genus, Paracaedibacteraceae Genus, Lutispora, Beijerinckiaceae Genus, Piscinibacter, Rhodococcus, Frankiales Genus, Bacillus, Phaselicystis, Pedomicrobium, Reyranella, JGI 0001001-H03, Obscuribacteraceae Genus, Candidatus Bealeia, Luteolibacter, Babeliaceae Genus, Ideonella, Arthrobacter, Candidatus Obscuribacter, Hyphomonadaceae Genus, Lysobacter, Terrimonas, Leuconostoc, Psychromonas, Sediminibacterium, SM1A02, Deinococcus, Larkinella, Burkholderia-Caballeronia-Paraburkholderia, Fimbriimonadaceae Genus, Brevifollis, Pajaroellobacter, IS-44, Brevibacterium, Marmoricola, Hyphomicrobium, Cytophaga, Gracilibacteria Genus, Verrucomicrobiaceae Genus, Candidatus Protochlamydia, Armatimonadaceae Genus, Alphaproteobacteria Genus, Microscillaceae Genus, Paludibaculum, Xanthobacteraceae Genus, Sphingomonas, Ilumatobacter, Chryseobacterium, Peptostreptococcus, Leeia, Brevundimonas, Chlamydiales Genus, Agitococcus, Microtrichaceae Genus, Novispirillum, Paucibacter, Unknown Family Genus, Uliginosibacterium, Novosphingobium, Candidatus Berkiella, Pseudobdellovibrio, Chitinibacter, Polyangiia Genus, P3OB-42, Limnobacter, A21b Genus, Shinella, Hydrogenophaga, Burkholderiales Genus, AAP99, SM2D12 Genus, Turicibacter, Rickettsiella, Stagnimonas, Vibrio, Candidatus Ovatusbacter, Vampirovibrio, Bryobacteraceae Genus, Granulicatella, Sphingobium, IMCC26207, Truepera, Caulobacter, Tetragenococcus, Abditibacterium, Chitinivorax, Saccharimonadales Genus, Fundidesulfovibrio, Neochlamydia, Sandaracinaceae Genus, Leucobacter, Ga0077536 Genus, Verrucomicrobiia Genus, Phenylobacterium, Opitutaceae Genus, Micrococcus, Anaerovorax, Micavibrionales Genus, 37-13 Genus, Paracoccus, Sphingopyxis, Rhizorhapis, Gaiellales Genus, Kinneretia, 0319-6G20 Genus, Lactobacillus, Marinomonas, cvE6 Genus, Pir4 lineage, JG30-KF-CM45 Genus, Candidatus Nomurabacteria Genus, mle1-27 Genus, Methylibium, Polymorphobacter, Dyadobacter, Caedibacter, Chitinophagaceae Genus, Agromyces, LiUU-11-161 Genus, Pararhodobacter, Ligilactobacillus, Stella, Neisseriaceae Genus, TM7a, Mariniblastus, Holosporaceae Genus, Parvibium, Afipia, Pseudolysobacter, Arthrospira PCC-7345, Citrobacter, Loigolactobacillus, Glutamicibacter, Rothia, Candidatus Megaira, alphaI cluster, NS11-12 marine group Genus, Blastococcus, Dietzia, Candidatus Finniella, Candidatus Alysiosphaera, Geminicoccaceae Genus, Bacilli Genus, Gemmatimonas, TRA3-20 Genus, Aquicella, KD4-96 Genus, Curvibacter, Brucella, CM1G08, Nocardioides, Aerococcus, Chloracidobacterium, Staphylococcus, Vicinamibacteraceae Genus, Flavihumibacter, Kineosporiaceae Genus, PB19 Genus, Anaerocolumna, Candidatus Paracaedibacter, Thermodesulfobacteriota Genus, Rhizorhabdus, BIrii41 Genus, Kapabacteriales Genus, Dechlorobacter, Aeromicrobium, CL500-3, Ruminiclostridium, Sphingomonadaceae Genus, DEV007 Genus, Pyrinomonadaceae Genus, Nevskiaceae Genus, Vagococcus, Acetobacteroides, Variovorax, Blastocatella, Bryobacter, Trueperella, Ottowia, Oscillospiraceae Genus, Oligoflexaceae Genus, Stenotrophomonas, Pirellula, Sandaracinus, Babeliales Genus, 67-14 Genus, RBG-13-54-9 Genus, Blastomonas, PeM15 Genus, Cypionkella, Caldilineaceae Genus, Enterococcus, Allomeiothermus, Paraconexibacter, Silvanigrellaceae Genus, Defluviimonas, Microbulbifer, Rheinheimera, Ellin6055, Terrisporobacter, Massilia, 11-24 Genus, Thermomicrobiales Genus, Chloronema, Paraclostridium, Pseudomonadales Genus, Methylorubrum, Candidatus Captivus, Weissella, MBNT15 Genus, Brevitalea, Spirosomataceae Genus, Sporichthyaceae Genus, Gemmatimonadaceae Genus, Vibrionaceae Genus, Rhodopseudomonas, Armatimonadota Genus, Thermoactinomycetaceae Genus, DEV114, Simkaniaceae Genus, Azospira, Eremiobacteria Genus, Hirschia, Knoellia, Anoxybacillus, OLB12, Thermus, Sporomusaceae Genus, Chitinimonas, Levilactobacillus, Lysinibacillus, Frisingicoccus, Lactococcus, Rhodospirillaceae Genus, Raineya, Barnesiellaceae Genus, NB1-j Genus, Pirellulaceae Genus, Ferruginibacter, Altererythrobacter, Methylobacterium, Kocuria, Pediococcus, Peptoniphilus, Methylocystis, Mesorhizobium, Hyphomicrobiales Genus, Hassallia, Nannocystis, WY65, Chthoniobacter, Turneriella, Permianibacter, Pseudoduganella, Nordella, Sporocytophaga, Delftia, Steroidobacter, Latilactobacillus, Serinicoccus, Roseicella, IMCC26134, Parcubacteria Genus, Pseudoxanthomonas, Flectobacillus, Desulfotomaculum, Rubripirellula, Candidatus Accumulibacter, KD3-10, Lacibacter, Propionivibrio, Peptostreptococcaceae Genus, Romboutsia, Opitutus, Enhydrobacter, AKYH767 Genus, Lautropia, Methyloversatilis, Bordetella, Dongia, Ramlibacter, Panacibacter, Elsteraceae Genus, Perlucidibaca, Coxiella, Acetivibrio, Polyangiaceae Genus, Agrobacterium, Anaerotaenia, Limosilactobacillus, CL500-29 marine group
2026-04-24 18:37:51.819004 INFO::Total features filtered by non-zero variance filtering: 0
2026-04-24 18:37:51.819417 INFO::Filtered feature names from variance filtering:
2026-04-24 18:37:51.819694 INFO::Writing filtered data to file /Users/michaelsieler/Library/CloudStorage/Dropbox/Documents/Sharpton_Lab/Projects_Repository/Sieler2026/Results/03__DiffAbund/Stats/maaslin_ExposureRegimes_Tank/features/filtered_data.tsv
2026-04-24 18:37:51.824873 INFO::Running selected transform method: LOG
2026-04-24 18:37:51.825651 INFO::Writing normalized, filtered, transformed data to file /Users/michaelsieler/Library/CloudStorage/Dropbox/Documents/Sharpton_Lab/Projects_Repository/Sieler2026/Results/03__DiffAbund/Stats/maaslin_ExposureRegimes_Tank/features/data_transformed.tsv
2026-04-24 18:37:51.831171 INFO::Factor detected for categorial metadata 'Treatment'. Using as-is.
2026-04-24 18:37:51.831402 INFO::Bypass z-score application to metadata
2026-04-24 18:37:51.831809 INFO::Running the linear model component
2026-04-24 18:37:51.833853 INFO::Creating cluster of 8 R processes
2026-04-24 18:37:55.079795 DEBUG::Object: augment, Size: 56
2026-04-24 18:37:55.080137 DEBUG::Object: cluster, Size: 11928
2026-04-24 18:37:55.080291 DEBUG::Object: cores, Size: 56
2026-04-24 18:37:55.080415 DEBUG::Object: correction, Size: 112
2026-04-24 18:37:55.080544 DEBUG::Object: extract_out, Size: 1864
2026-04-24 18:37:55.080662 DEBUG::Object: feature_specific_covariate, Size: 0
2026-04-24 18:37:55.080766 DEBUG::Object: feature_specific_covariate_name, Size: 0
2026-04-24 18:37:55.080873 DEBUG::Object: feature_specific_covariate_record, Size: 0
2026-04-24 18:37:55.080997 DEBUG::Object: features, Size: 164520
2026-04-24 18:37:55.081112 DEBUG::Object: formula, Size: 1456
2026-04-24 18:37:55.081313 DEBUG::Object: fun_list, Size: 124640
2026-04-24 18:37:55.08155 DEBUG::Object: func_to_run, Size: 435336
2026-04-24 18:37:55.081715 DEBUG::Object: groups, Size: 48
2026-04-24 18:37:55.081865 DEBUG::Object: median_comparison, Size: 56
2026-04-24 18:37:55.0821 DEBUG::Object: median_comparison_threshold, Size: 56
2026-04-24 18:37:55.082296 DEBUG::Object: metadata, Size: 158664
2026-04-24 18:37:55.082438 DEBUG::Object: model, Size: 112
2026-04-24 18:37:55.082575 DEBUG::Object: model_function, Size: 71464
2026-04-24 18:37:55.082695 DEBUG::Object: ordereds, Size: 48
2026-04-24 18:37:55.082815 DEBUG::Object: random_effects_formula, Size: 1456
2026-04-24 18:37:55.082925 DEBUG::Object: ranef_function, Size: 1240
2026-04-24 18:37:55.08303 DEBUG::Object: save_models, Size: 56
2026-04-24 18:37:55.083137 DEBUG::Object: small_random_effects, Size: 56
2026-04-24 18:37:55.08324 DEBUG::Object: strata, Size: 48
2026-04-24 18:37:55.083343 DEBUG::Object: subtract_median, Size: 56
2026-04-24 18:37:55.083449 DEBUG::Object: summary_function, Size: 51456
2026-04-24 18:37:55.083586 DEBUG::Object: func_to_run, Size: 435336
2026-04-24 18:37:56.425339 INFO::Performing tests against medians
2026-04-24 18:37:57.978558 INFO::Counting total values for each feature
2026-04-24 18:37:57.983609 INFO::Running the logistic model component
2026-04-24 18:37:57.986658 INFO::Creating cluster of 8 R processes
2026-04-24 18:38:01.02015 DEBUG::Object: augment, Size: 56
2026-04-24 18:38:01.02044 DEBUG::Object: cluster, Size: 11928
2026-04-24 18:38:01.020581 DEBUG::Object: cores, Size: 56
2026-04-24 18:38:01.020706 DEBUG::Object: correction, Size: 112
2026-04-24 18:38:01.020818 DEBUG::Object: extract_out, Size: 1864
2026-04-24 18:38:01.020923 DEBUG::Object: feature_specific_covariate, Size: 0
2026-04-24 18:38:01.021025 DEBUG::Object: feature_specific_covariate_name, Size: 0
2026-04-24 18:38:01.021126 DEBUG::Object: feature_specific_covariate_record, Size: 0
2026-04-24 18:38:01.021233 DEBUG::Object: features, Size: 160264
2026-04-24 18:38:01.021334 DEBUG::Object: fixed_part, Size: 728
2026-04-24 18:38:01.021433 DEBUG::Object: formula, Size: 1008
2026-04-24 18:38:01.021546 DEBUG::Object: fun_list, Size: 70920
2026-04-24 18:38:01.021738 DEBUG::Object: func_to_run, Size: 435336
2026-04-24 18:38:01.021844 DEBUG::Object: grouping, Size: 112
2026-04-24 18:38:01.021948 DEBUG::Object: groups, Size: 48
2026-04-24 18:38:01.022049 DEBUG::Object: median_comparison, Size: 56
2026-04-24 18:38:01.022148 DEBUG::Object: median_comparison_threshold, Size: 56
2026-04-24 18:38:01.022283 DEBUG::Object: metadata, Size: 158664
2026-04-24 18:38:01.022389 DEBUG::Object: model, Size: 120
2026-04-24 18:38:01.022491 DEBUG::Object: model_function, Size: 21016
2026-04-24 18:38:01.02259 DEBUG::Object: new_formula, Size: 1008
2026-04-24 18:38:01.022687 DEBUG::Object: ordereds, Size: 48
2026-04-24 18:38:01.022789 DEBUG::Object: random_effects_formula, Size: 0
2026-04-24 18:38:01.022888 DEBUG::Object: random_terms, Size: 392
2026-04-24 18:38:01.022985 DEBUG::Object: ranef_function, Size: 0
2026-04-24 18:38:01.023086 DEBUG::Object: save_models, Size: 56
2026-04-24 18:38:01.023193 DEBUG::Object: small_random_effects, Size: 56
2026-04-24 18:38:01.023293 DEBUG::Object: strata, Size: 48
2026-04-24 18:38:01.023399 DEBUG::Object: subtract_median, Size: 56
2026-04-24 18:38:01.023513 DEBUG::Object: summary_function, Size: 49424
2026-04-24 18:38:01.023666 DEBUG::Object: func_to_run, Size: 435336
2026-04-24 18:38:03.142869 INFO::Counting total values for each feature
2026-04-24 18:38:03.148311 INFO::Re-running abundances for warn_prevalence
2026-04-24 18:38:03.148697 INFO::Running selected normalization method: TSS
2026-04-24 18:38:03.154651 INFO::Running selected transform method: LOG
2026-04-24 18:38:03.155983 INFO::Creating cluster of 8 R processes
2026-04-24 18:38:06.379473 DEBUG::Object: augment, Size: 56
2026-04-24 18:38:06.379781 DEBUG::Object: cluster, Size: 11928
2026-04-24 18:38:06.379921 DEBUG::Object: cores, Size: 56
2026-04-24 18:38:06.380043 DEBUG::Object: correction, Size: 112
2026-04-24 18:38:06.380161 DEBUG::Object: extract_out, Size: 1864
2026-04-24 18:38:06.380265 DEBUG::Object: feature_specific_covariate, Size: 0
2026-04-24 18:38:06.380377 DEBUG::Object: feature_specific_covariate_name, Size: 0
2026-04-24 18:38:06.380483 DEBUG::Object: feature_specific_covariate_record, Size: 0
2026-04-24 18:38:06.380595 DEBUG::Object: features, Size: 164520
2026-04-24 18:38:06.380701 DEBUG::Object: formula, Size: 1456
2026-04-24 18:38:06.380826 DEBUG::Object: fun_list, Size: 124640
2026-04-24 18:38:06.380986 DEBUG::Object: func_to_run, Size: 435336
2026-04-24 18:38:06.381093 DEBUG::Object: groups, Size: 48
2026-04-24 18:38:06.381197 DEBUG::Object: median_comparison, Size: 56
2026-04-24 18:38:06.381299 DEBUG::Object: median_comparison_threshold, Size: 56
2026-04-24 18:38:06.381442 DEBUG::Object: metadata, Size: 158664
2026-04-24 18:38:06.381555 DEBUG::Object: model, Size: 112
2026-04-24 18:38:06.381668 DEBUG::Object: model_function, Size: 71464
2026-04-24 18:38:06.381773 DEBUG::Object: ordereds, Size: 48
2026-04-24 18:38:06.381876 DEBUG::Object: random_effects_formula, Size: 1456
2026-04-24 18:38:06.382056 DEBUG::Object: ranef_function, Size: 1240
2026-04-24 18:38:06.382227 DEBUG::Object: save_models, Size: 56
2026-04-24 18:38:06.382363 DEBUG::Object: small_random_effects, Size: 56
2026-04-24 18:38:06.382479 DEBUG::Object: strata, Size: 48
2026-04-24 18:38:06.38259 DEBUG::Object: subtract_median, Size: 56
2026-04-24 18:38:06.382709 DEBUG::Object: summary_function, Size: 51456
2026-04-24 18:38:06.382853 DEBUG::Object: func_to_run, Size: 435336
2026-04-24 18:38:07.446487 INFO::Creating fits folder
2026-04-24 18:38:07.446964 INFO::Writing residuals to file /Users/michaelsieler/Library/CloudStorage/Dropbox/Documents/Sharpton_Lab/Projects_Repository/Sieler2026/Results/03__DiffAbund/Stats/maaslin_ExposureRegimes_Tank/fits/residuals_linear.rds
2026-04-24 18:38:07.455743 INFO::Writing fitted values to file /Users/michaelsieler/Library/CloudStorage/Dropbox/Documents/Sharpton_Lab/Projects_Repository/Sieler2026/Results/03__DiffAbund/Stats/maaslin_ExposureRegimes_Tank/fits/fitted_linear.rds
2026-04-24 18:38:07.457874 INFO::Writing extracted random effects to file /Users/michaelsieler/Library/CloudStorage/Dropbox/Documents/Sharpton_Lab/Projects_Repository/Sieler2026/Results/03__DiffAbund/Stats/maaslin_ExposureRegimes_Tank/fits/ranef_linear.rds
2026-04-24 18:38:07.458861 INFO::Writing residuals to file /Users/michaelsieler/Library/CloudStorage/Dropbox/Documents/Sharpton_Lab/Projects_Repository/Sieler2026/Results/03__DiffAbund/Stats/maaslin_ExposureRegimes_Tank/fits/residuals_logistic.rds
2026-04-24 18:38:07.462372 INFO::Writing fitted values to file /Users/michaelsieler/Library/CloudStorage/Dropbox/Documents/Sharpton_Lab/Projects_Repository/Sieler2026/Results/03__DiffAbund/Stats/maaslin_ExposureRegimes_Tank/fits/fitted_logistic.rds
2026-04-24 18:38:07.465456 INFO::Writing extracted random effects to file /Users/michaelsieler/Library/CloudStorage/Dropbox/Documents/Sharpton_Lab/Projects_Repository/Sieler2026/Results/03__DiffAbund/Stats/maaslin_ExposureRegimes_Tank/fits/ranef_logistic.rds
2026-04-24 18:38:07.46706 INFO::Writing all the results to file (ordered 
            by increasing individual q-values): /Users/michaelsieler/Library/CloudStorage/Dropbox/Documents/Sharpton_Lab/Projects_Repository/Sieler2026/Results/03__DiffAbund/Stats/maaslin_ExposureRegimes_Tank/all_results.tsv
2026-04-24 18:38:07.471435 INFO::Writing the significant results without errors (those which have joint q-values less than or equal to the threshold of 0.100000 ) to file (ordered by increasing individual q-values): /Users/michaelsieler/Library/CloudStorage/Dropbox/Documents/Sharpton_Lab/Projects_Repository/Sieler2026/Results/03__DiffAbund/Stats/maaslin_ExposureRegimes_Tank/significant_results.tsv
2026-04-24 18:38:07.472234 INFO::Creating output figures folder
2026-04-24 18:38:07.472871 INFO::Writing summary plot of significant
                        results to file: /Users/michaelsieler/Library/CloudStorage/Dropbox/Documents/Sharpton_Lab/Projects_Repository/Sieler2026/Results/03__DiffAbund/Stats/maaslin_ExposureRegimes_Tank/figures/summary_plot.pdf
2026-04-24 18:38:08.875844 INFO::Writing association plots (one for each significant association) to output folder: /Users/michaelsieler/Library/CloudStorage/Dropbox/Documents/Sharpton_Lab/Projects_Repository/Sieler2026/Results/03__DiffAbund/Stats/maaslin_ExposureRegimes_Tank/figures
2026-04-24 18:38:08.876723 INFO::Plotting associations from most to least significant, grouped by metadata
2026-04-24 18:38:08.878753 INFO::Creating box plot for categorical data (linear), 
                        Treatment vs Aeromonas
2026-04-24 18:38:08.904688 INFO::Creating tile plot for categorical data (logistic), Treatment vs Roseomonas
2026-04-24 18:38:08.939762 INFO::Creating tile plot for categorical data (logistic), Treatment vs Gemmataceae Genus
2026-04-24 18:38:08.965368 INFO::Creating tile plot for categorical data (logistic), Treatment vs Acinetobacter
2026-04-24 18:38:08.991412 INFO::Creating tile plot for categorical data (logistic), Treatment vs Ensifer
2026-04-24 18:38:09.0168 INFO::Creating tile plot for categorical data (logistic), Treatment vs Vampirovibrionaceae Genus
2026-04-24 18:38:09.042419 INFO::Creating tile plot for categorical data (logistic), Treatment vs Rhodocyclaceae Genus
2026-04-24 18:38:09.067697 INFO::Creating box plot for categorical data (linear), 
                        Treatment vs Gemmataceae Genus
2026-04-24 18:38:09.089172 INFO::Creating box plot for categorical data (linear), 
                        Treatment vs Nocardia
2026-04-24 18:38:09.111396 INFO::Creating box plot for categorical data (linear), 
                        Treatment vs Pseudomonas
2026-04-24 18:38:09.133162 INFO::Creating tile plot for categorical data (logistic), Treatment vs Chitinilyticum
2026-04-24 18:38:09.158912 INFO::Creating tile plot for categorical data (logistic), Treatment vs Gordonia
2026-04-24 18:38:09.184591 INFO::Creating tile plot for categorical data (logistic), Treatment vs SH3-11
2026-04-24 18:38:09.20997 INFO::Creating box plot for categorical data (linear), 
                        Treatment vs Gordonia
