2026-04-24 18:38:30.267575 INFO::Writing function arguments to log file
2026-04-24 18:38:30.268049 DEBUG::Function arguments
2026-04-24 18:38:30.268294 DEBUG::Output folder: /Users/michaelsieler/Library/CloudStorage/Dropbox/Documents/Sharpton_Lab/Projects_Repository/Sieler2026/Results/03__DiffAbund/Stats/maaslin_Parasite_Tank
2026-04-24 18:38:30.268449 DEBUG::Formula: ~Parasite_Exposed + (1 | Tank.ID)
2026-04-24 18:38:30.268565 DEBUG::Fixed effects:
2026-04-24 18:38:30.268698 DEBUG::Reference:
2026-04-24 18:38:30.268821 DEBUG::Random effects:
2026-04-24 18:38:30.269171 DEBUG::Group effects:
2026-04-24 18:38:30.269346 DEBUG::Ordered effects:
2026-04-24 18:38:30.269508 DEBUG::Strata effects:
2026-04-24 18:38:30.269657 DEBUG::Min Abundance: 0.001000
2026-04-24 18:38:30.269791 DEBUG::Min Prevalence: 0.100000
2026-04-24 18:38:30.269912 DEBUG::Max Prevalence: 1.010000
2026-04-24 18:38:30.270023 DEBUG::Zero Threshold: 0.000000
2026-04-24 18:38:30.27013 DEBUG::Min variance: 0.000000
2026-04-24 18:38:30.270234 DEBUG::Max significance: 0.100000
2026-04-24 18:38:30.270331 DEBUG::Normalization: TSS
2026-04-24 18:38:30.270429 DEBUG::Transform: LOG
2026-04-24 18:38:30.270524 DEBUG::Correction method: BH
2026-04-24 18:38:30.27062 DEBUG::Standardize: FALSE
2026-04-24 18:38:30.270732 DEBUG::Abundance median comparison: TRUE
2026-04-24 18:38:30.270832 DEBUG::Prevalence median comparison: FALSE
2026-04-24 18:38:30.270932 DEBUG::Abundance median comparison threshold: 0
2026-04-24 18:38:30.271028 DEBUG::Prevalence median comparison threshold: 0
2026-04-24 18:38:30.271121 DEBUG::Subtract median: FALSE
2026-04-24 18:38:30.271215 DEBUG::Warn prevalence: TRUE
2026-04-24 18:38:30.271308 DEBUG::Small random effects: TRUE
2026-04-24 18:38:30.2714 DEBUG::Augment: TRUE
2026-04-24 18:38:30.271498 DEBUG::Evaluate only:
2026-04-24 18:38:30.271613 DEBUG::Cores: 8
2026-04-24 18:38:30.271736 DEBUG::Balanced Summary plot: FALSE
2026-04-24 18:38:30.271851 INFO::Verifying options selected are valid
2026-04-24 18:38:30.272129 INFO::Determining format of input files
2026-04-24 18:38:30.272345 INFO::Input format is data samples as rows and metadata samples as rows
2026-04-24 18:38:30.272576 DEBUG::A total of 235 samples were found in both the data and metadata
2026-04-24 18:38:30.272807 DEBUG::Reordering data/metadata to use same sample ordering
2026-04-24 18:38:30.274161 INFO::Running selected normalization method: TSS
2026-04-24 18:38:30.280867 INFO::Creating output feature tables folder
2026-04-24 18:38:30.281429 INFO::Writing normalized data to file /Users/michaelsieler/Library/CloudStorage/Dropbox/Documents/Sharpton_Lab/Projects_Repository/Sieler2026/Results/03__DiffAbund/Stats/maaslin_Parasite_Tank/features/data_norm.tsv
2026-04-24 18:38:30.295609 INFO::Filter data based on min abundance, min prevalence, and max prevalence
2026-04-24 18:38:30.295974 INFO::Total samples in data: 235
2026-04-24 18:38:30.296179 INFO::Min samples required with min abundance for a feature not to be filtered: 23.500000
2026-04-24 18:38:30.296357 INFO::Max samples allowed with min abundance for a feature not to be filtered: 237.350000
2026-04-24 18:38:30.314358 INFO::Total filtered features: 306
2026-04-24 18:38:30.314883 INFO::Filtered feature names from abundance, min prevalence, and max prevalence filtering: Oleiharenicola, Halomonas, Pseudorhodoplanes, Exiguobacterium, Parachlamydiaceae Genus, Fluviicoccus, Rickettsiaceae Genus, Rhodovarius, Chitinophagales Genus, SWB02, Noviherbaspirillum, Crenobacter, Blfdi19 Genus, Streptococcus, Rhodospirillales Genus, Chloroflexaceae Genus, Paracaedibacteraceae Genus, Lutispora, Beijerinckiaceae Genus, Piscinibacter, Rhodococcus, Frankiales Genus, Bacillus, Phaselicystis, Pedomicrobium, Reyranella, JGI 0001001-H03, Obscuribacteraceae Genus, Candidatus Bealeia, Luteolibacter, Babeliaceae Genus, Ideonella, Arthrobacter, Candidatus Obscuribacter, Hyphomonadaceae Genus, Lysobacter, Terrimonas, Leuconostoc, Psychromonas, Sediminibacterium, SM1A02, Deinococcus, Larkinella, Burkholderia-Caballeronia-Paraburkholderia, Fimbriimonadaceae Genus, Brevifollis, Pajaroellobacter, IS-44, Brevibacterium, Marmoricola, Hyphomicrobium, Cytophaga, Gracilibacteria Genus, Verrucomicrobiaceae Genus, Candidatus Protochlamydia, Armatimonadaceae Genus, Alphaproteobacteria Genus, Microscillaceae Genus, Paludibaculum, Xanthobacteraceae Genus, Sphingomonas, Ilumatobacter, Chryseobacterium, Peptostreptococcus, Leeia, Brevundimonas, Chlamydiales Genus, Agitococcus, Microtrichaceae Genus, Novispirillum, Paucibacter, Unknown Family Genus, Uliginosibacterium, Novosphingobium, Candidatus Berkiella, Pseudobdellovibrio, Chitinibacter, Polyangiia Genus, P3OB-42, Limnobacter, A21b Genus, Shinella, Hydrogenophaga, Burkholderiales Genus, AAP99, SM2D12 Genus, Turicibacter, Rickettsiella, Stagnimonas, Vibrio, Candidatus Ovatusbacter, Vampirovibrio, Bryobacteraceae Genus, Granulicatella, Sphingobium, IMCC26207, Truepera, Caulobacter, Tetragenococcus, Abditibacterium, Chitinivorax, Saccharimonadales Genus, Fundidesulfovibrio, Neochlamydia, Sandaracinaceae Genus, Leucobacter, Ga0077536 Genus, Verrucomicrobiia Genus, Phenylobacterium, Opitutaceae Genus, Micrococcus, Anaerovorax, Micavibrionales Genus, 37-13 Genus, Paracoccus, Sphingopyxis, Rhizorhapis, Gaiellales Genus, Kinneretia, 0319-6G20 Genus, Lactobacillus, Marinomonas, cvE6 Genus, Pir4 lineage, JG30-KF-CM45 Genus, Candidatus Nomurabacteria Genus, mle1-27 Genus, Methylibium, Polymorphobacter, Dyadobacter, Caedibacter, Chitinophagaceae Genus, Agromyces, LiUU-11-161 Genus, Pararhodobacter, Ligilactobacillus, Stella, Neisseriaceae Genus, TM7a, Mariniblastus, Holosporaceae Genus, Parvibium, Afipia, Pseudolysobacter, Arthrospira PCC-7345, Citrobacter, Loigolactobacillus, Glutamicibacter, Rothia, Candidatus Megaira, alphaI cluster, NS11-12 marine group Genus, Blastococcus, Dietzia, Candidatus Finniella, Candidatus Alysiosphaera, Geminicoccaceae Genus, Bacilli Genus, Gemmatimonas, TRA3-20 Genus, Aquicella, KD4-96 Genus, Curvibacter, Brucella, CM1G08, Nocardioides, Aerococcus, Chloracidobacterium, Staphylococcus, Vicinamibacteraceae Genus, Flavihumibacter, Kineosporiaceae Genus, PB19 Genus, Anaerocolumna, Candidatus Paracaedibacter, Thermodesulfobacteriota Genus, Rhizorhabdus, BIrii41 Genus, Kapabacteriales Genus, Dechlorobacter, Aeromicrobium, CL500-3, Ruminiclostridium, Sphingomonadaceae Genus, DEV007 Genus, Pyrinomonadaceae Genus, Nevskiaceae Genus, Vagococcus, Acetobacteroides, Variovorax, Blastocatella, Bryobacter, Trueperella, Ottowia, Oscillospiraceae Genus, Oligoflexaceae Genus, Stenotrophomonas, Pirellula, Sandaracinus, Babeliales Genus, 67-14 Genus, RBG-13-54-9 Genus, Blastomonas, PeM15 Genus, Cypionkella, Caldilineaceae Genus, Enterococcus, Allomeiothermus, Paraconexibacter, Silvanigrellaceae Genus, Defluviimonas, Microbulbifer, Rheinheimera, Ellin6055, Terrisporobacter, Massilia, 11-24 Genus, Thermomicrobiales Genus, Chloronema, Paraclostridium, Pseudomonadales Genus, Methylorubrum, Candidatus Captivus, Weissella, MBNT15 Genus, Brevitalea, Spirosomataceae Genus, Sporichthyaceae Genus, Gemmatimonadaceae Genus, Vibrionaceae Genus, Rhodopseudomonas, Armatimonadota Genus, Thermoactinomycetaceae Genus, DEV114, Simkaniaceae Genus, Azospira, Eremiobacteria Genus, Hirschia, Knoellia, Anoxybacillus, OLB12, Thermus, Sporomusaceae Genus, Chitinimonas, Levilactobacillus, Lysinibacillus, Frisingicoccus, Lactococcus, Rhodospirillaceae Genus, Raineya, Barnesiellaceae Genus, NB1-j Genus, Pirellulaceae Genus, Ferruginibacter, Altererythrobacter, Methylobacterium, Kocuria, Pediococcus, Peptoniphilus, Methylocystis, Mesorhizobium, Hyphomicrobiales Genus, Hassallia, Nannocystis, WY65, Chthoniobacter, Turneriella, Permianibacter, Pseudoduganella, Nordella, Sporocytophaga, Delftia, Steroidobacter, Latilactobacillus, Serinicoccus, Roseicella, IMCC26134, Parcubacteria Genus, Pseudoxanthomonas, Flectobacillus, Desulfotomaculum, Rubripirellula, Candidatus Accumulibacter, KD3-10, Lacibacter, Propionivibrio, Peptostreptococcaceae Genus, Romboutsia, Opitutus, Enhydrobacter, AKYH767 Genus, Lautropia, Methyloversatilis, Bordetella, Dongia, Ramlibacter, Panacibacter, Elsteraceae Genus, Perlucidibaca, Coxiella, Acetivibrio, Polyangiaceae Genus, Agrobacterium, Anaerotaenia, Limosilactobacillus, CL500-29 marine group
2026-04-24 18:38:30.316211 INFO::Total features filtered by non-zero variance filtering: 0
2026-04-24 18:38:30.316492 INFO::Filtered feature names from variance filtering:
2026-04-24 18:38:30.316717 INFO::Writing filtered data to file /Users/michaelsieler/Library/CloudStorage/Dropbox/Documents/Sharpton_Lab/Projects_Repository/Sieler2026/Results/03__DiffAbund/Stats/maaslin_Parasite_Tank/features/filtered_data.tsv
2026-04-24 18:38:30.32201 INFO::Running selected transform method: LOG
2026-04-24 18:38:30.322771 INFO::Writing normalized, filtered, transformed data to file /Users/michaelsieler/Library/CloudStorage/Dropbox/Documents/Sharpton_Lab/Projects_Repository/Sieler2026/Results/03__DiffAbund/Stats/maaslin_Parasite_Tank/features/data_transformed.tsv
2026-04-24 18:38:30.328149 INFO::Factor detected for categorial metadata 'Parasite_Exposed'. Using as-is.
2026-04-24 18:38:30.328407 INFO::Bypass z-score application to metadata
2026-04-24 18:38:30.328618 INFO::Running the linear model component
2026-04-24 18:38:30.329696 INFO::Creating cluster of 8 R processes
2026-04-24 18:38:33.554398 DEBUG::Object: augment, Size: 56
2026-04-24 18:38:33.55475 DEBUG::Object: cluster, Size: 11928
2026-04-24 18:38:33.554905 DEBUG::Object: cores, Size: 56
2026-04-24 18:38:33.555032 DEBUG::Object: correction, Size: 112
2026-04-24 18:38:33.555153 DEBUG::Object: extract_out, Size: 1864
2026-04-24 18:38:33.555268 DEBUG::Object: feature_specific_covariate, Size: 0
2026-04-24 18:38:33.555568 DEBUG::Object: feature_specific_covariate_name, Size: 0
2026-04-24 18:38:33.5558 DEBUG::Object: feature_specific_covariate_record, Size: 0
2026-04-24 18:38:33.555935 DEBUG::Object: features, Size: 164520
2026-04-24 18:38:33.556044 DEBUG::Object: formula, Size: 1456
2026-04-24 18:38:33.556177 DEBUG::Object: fun_list, Size: 124640
2026-04-24 18:38:33.556326 DEBUG::Object: func_to_run, Size: 435336
2026-04-24 18:38:33.556428 DEBUG::Object: groups, Size: 48
2026-04-24 18:38:33.556539 DEBUG::Object: median_comparison, Size: 56
2026-04-24 18:38:33.556647 DEBUG::Object: median_comparison_threshold, Size: 56
2026-04-24 18:38:33.556794 DEBUG::Object: metadata, Size: 158664
2026-04-24 18:38:33.556899 DEBUG::Object: model, Size: 112
2026-04-24 18:38:33.557011 DEBUG::Object: model_function, Size: 71464
2026-04-24 18:38:33.557113 DEBUG::Object: ordereds, Size: 48
2026-04-24 18:38:33.557214 DEBUG::Object: random_effects_formula, Size: 1456
2026-04-24 18:38:33.557321 DEBUG::Object: ranef_function, Size: 1240
2026-04-24 18:38:33.557419 DEBUG::Object: save_models, Size: 56
2026-04-24 18:38:33.557524 DEBUG::Object: small_random_effects, Size: 56
2026-04-24 18:38:33.557633 DEBUG::Object: strata, Size: 48
2026-04-24 18:38:33.557736 DEBUG::Object: subtract_median, Size: 56
2026-04-24 18:38:33.557846 DEBUG::Object: summary_function, Size: 51456
2026-04-24 18:38:33.55798 DEBUG::Object: func_to_run, Size: 435336
2026-04-24 18:38:34.573872 INFO::Performing tests against medians
2026-04-24 18:38:34.749934 INFO::Counting total values for each feature
2026-04-24 18:38:34.751188 INFO::Running the logistic model component
2026-04-24 18:38:34.752663 INFO::Creating cluster of 8 R processes
2026-04-24 18:38:37.740875 DEBUG::Object: augment, Size: 56
2026-04-24 18:38:37.741199 DEBUG::Object: cluster, Size: 11928
2026-04-24 18:38:37.741383 DEBUG::Object: cores, Size: 56
2026-04-24 18:38:37.741536 DEBUG::Object: correction, Size: 112
2026-04-24 18:38:37.741661 DEBUG::Object: extract_out, Size: 1864
2026-04-24 18:38:37.74181 DEBUG::Object: feature_specific_covariate, Size: 0
2026-04-24 18:38:37.74195 DEBUG::Object: feature_specific_covariate_name, Size: 0
2026-04-24 18:38:37.742072 DEBUG::Object: feature_specific_covariate_record, Size: 0
2026-04-24 18:38:37.742207 DEBUG::Object: features, Size: 160264
2026-04-24 18:38:37.742345 DEBUG::Object: fixed_part, Size: 728
2026-04-24 18:38:37.742465 DEBUG::Object: formula, Size: 1008
2026-04-24 18:38:37.742598 DEBUG::Object: fun_list, Size: 70920
2026-04-24 18:38:37.742851 DEBUG::Object: func_to_run, Size: 435336
2026-04-24 18:38:37.742983 DEBUG::Object: grouping, Size: 112
2026-04-24 18:38:37.743124 DEBUG::Object: groups, Size: 48
2026-04-24 18:38:37.74325 DEBUG::Object: median_comparison, Size: 56
2026-04-24 18:38:37.743391 DEBUG::Object: median_comparison_threshold, Size: 56
2026-04-24 18:38:37.743569 DEBUG::Object: metadata, Size: 158664
2026-04-24 18:38:37.743689 DEBUG::Object: model, Size: 120
2026-04-24 18:38:37.74381 DEBUG::Object: model_function, Size: 21016
2026-04-24 18:38:37.743923 DEBUG::Object: new_formula, Size: 1008
2026-04-24 18:38:37.744039 DEBUG::Object: ordereds, Size: 48
2026-04-24 18:38:37.744151 DEBUG::Object: random_effects_formula, Size: 0
2026-04-24 18:38:37.74426 DEBUG::Object: random_terms, Size: 392
2026-04-24 18:38:37.744376 DEBUG::Object: ranef_function, Size: 0
2026-04-24 18:38:37.744496 DEBUG::Object: save_models, Size: 56
2026-04-24 18:38:37.744607 DEBUG::Object: small_random_effects, Size: 56
2026-04-24 18:38:37.744736 DEBUG::Object: strata, Size: 48
2026-04-24 18:38:37.744843 DEBUG::Object: subtract_median, Size: 56
2026-04-24 18:38:37.744966 DEBUG::Object: summary_function, Size: 49424
2026-04-24 18:38:37.745123 DEBUG::Object: func_to_run, Size: 435336
2026-04-24 18:38:38.834994 INFO::Counting total values for each feature
2026-04-24 18:38:38.836358 INFO::Re-running abundances for warn_prevalence
2026-04-24 18:38:38.836607 INFO::Running selected normalization method: TSS
2026-04-24 18:38:38.842573 INFO::Running selected transform method: LOG
2026-04-24 18:38:38.844016 INFO::Creating cluster of 8 R processes
2026-04-24 18:38:42.049395 DEBUG::Object: augment, Size: 56
2026-04-24 18:38:42.049768 DEBUG::Object: cluster, Size: 11928
2026-04-24 18:38:42.049932 DEBUG::Object: cores, Size: 56
2026-04-24 18:38:42.050075 DEBUG::Object: correction, Size: 112
2026-04-24 18:38:42.050205 DEBUG::Object: extract_out, Size: 1864
2026-04-24 18:38:42.050319 DEBUG::Object: feature_specific_covariate, Size: 0
2026-04-24 18:38:42.050438 DEBUG::Object: feature_specific_covariate_name, Size: 0
2026-04-24 18:38:42.05056 DEBUG::Object: feature_specific_covariate_record, Size: 0
2026-04-24 18:38:42.050685 DEBUG::Object: features, Size: 164520
2026-04-24 18:38:42.050796 DEBUG::Object: formula, Size: 1456
2026-04-24 18:38:42.050928 DEBUG::Object: fun_list, Size: 124640
2026-04-24 18:38:42.051074 DEBUG::Object: func_to_run, Size: 435336
2026-04-24 18:38:42.051183 DEBUG::Object: groups, Size: 48
2026-04-24 18:38:42.051287 DEBUG::Object: median_comparison, Size: 56
2026-04-24 18:38:42.051408 DEBUG::Object: median_comparison_threshold, Size: 56
2026-04-24 18:38:42.051555 DEBUG::Object: metadata, Size: 158664
2026-04-24 18:38:42.051663 DEBUG::Object: model, Size: 112
2026-04-24 18:38:42.051779 DEBUG::Object: model_function, Size: 71464
2026-04-24 18:38:42.051876 DEBUG::Object: ordereds, Size: 48
2026-04-24 18:38:42.051978 DEBUG::Object: random_effects_formula, Size: 1456
2026-04-24 18:38:42.052078 DEBUG::Object: ranef_function, Size: 1240
2026-04-24 18:38:42.05219 DEBUG::Object: save_models, Size: 56
2026-04-24 18:38:42.052294 DEBUG::Object: small_random_effects, Size: 56
2026-04-24 18:38:42.052394 DEBUG::Object: strata, Size: 48
2026-04-24 18:38:42.052508 DEBUG::Object: subtract_median, Size: 56
2026-04-24 18:38:42.052614 DEBUG::Object: summary_function, Size: 51456
2026-04-24 18:38:42.052746 DEBUG::Object: func_to_run, Size: 435336
2026-04-24 18:38:43.07736 INFO::Creating fits folder
2026-04-24 18:38:43.077891 INFO::Writing residuals to file /Users/michaelsieler/Library/CloudStorage/Dropbox/Documents/Sharpton_Lab/Projects_Repository/Sieler2026/Results/03__DiffAbund/Stats/maaslin_Parasite_Tank/fits/residuals_linear.rds
2026-04-24 18:38:43.081318 INFO::Writing fitted values to file /Users/michaelsieler/Library/CloudStorage/Dropbox/Documents/Sharpton_Lab/Projects_Repository/Sieler2026/Results/03__DiffAbund/Stats/maaslin_Parasite_Tank/fits/fitted_linear.rds
2026-04-24 18:38:43.083144 INFO::Writing extracted random effects to file /Users/michaelsieler/Library/CloudStorage/Dropbox/Documents/Sharpton_Lab/Projects_Repository/Sieler2026/Results/03__DiffAbund/Stats/maaslin_Parasite_Tank/fits/ranef_linear.rds
2026-04-24 18:38:43.083959 INFO::Writing residuals to file /Users/michaelsieler/Library/CloudStorage/Dropbox/Documents/Sharpton_Lab/Projects_Repository/Sieler2026/Results/03__DiffAbund/Stats/maaslin_Parasite_Tank/fits/residuals_logistic.rds
2026-04-24 18:38:43.087363 INFO::Writing fitted values to file /Users/michaelsieler/Library/CloudStorage/Dropbox/Documents/Sharpton_Lab/Projects_Repository/Sieler2026/Results/03__DiffAbund/Stats/maaslin_Parasite_Tank/fits/fitted_logistic.rds
2026-04-24 18:38:43.090493 INFO::Writing extracted random effects to file /Users/michaelsieler/Library/CloudStorage/Dropbox/Documents/Sharpton_Lab/Projects_Repository/Sieler2026/Results/03__DiffAbund/Stats/maaslin_Parasite_Tank/fits/ranef_logistic.rds
2026-04-24 18:38:43.091291 INFO::Writing all the results to file (ordered 
            by increasing individual q-values): /Users/michaelsieler/Library/CloudStorage/Dropbox/Documents/Sharpton_Lab/Projects_Repository/Sieler2026/Results/03__DiffAbund/Stats/maaslin_Parasite_Tank/all_results.tsv
2026-04-24 18:38:43.092292 INFO::Writing the significant results without errors (those which have joint q-values less than or equal to the threshold of 0.100000 ) to file (ordered by increasing individual q-values): /Users/michaelsieler/Library/CloudStorage/Dropbox/Documents/Sharpton_Lab/Projects_Repository/Sieler2026/Results/03__DiffAbund/Stats/maaslin_Parasite_Tank/significant_results.tsv
2026-04-24 18:38:43.092853 INFO::Creating output figures folder
2026-04-24 18:38:43.093202 INFO::Writing summary plot of significant
                        results to file: /Users/michaelsieler/Library/CloudStorage/Dropbox/Documents/Sharpton_Lab/Projects_Repository/Sieler2026/Results/03__DiffAbund/Stats/maaslin_Parasite_Tank/figures/summary_plot.pdf
2026-04-24 18:38:43.633477 INFO::Writing association plots (one for each significant association) to output folder: /Users/michaelsieler/Library/CloudStorage/Dropbox/Documents/Sharpton_Lab/Projects_Repository/Sieler2026/Results/03__DiffAbund/Stats/maaslin_Parasite_Tank/figures
2026-04-24 18:38:43.63411 INFO::Plotting associations from most to least significant, grouped by metadata
2026-04-24 18:38:43.635716 INFO::Creating tile plot for categorical data (logistic), Parasite_Exposed vs Cloacibacterium
2026-04-24 18:38:43.663397 INFO::Creating tile plot for categorical data (logistic), Parasite_Exposed vs env.OPS 17 Genus
2026-04-24 18:38:43.692213 INFO::Creating tile plot for categorical data (logistic), Parasite_Exposed vs Comamonadaceae Genus
2026-04-24 18:38:44.149069 INFO::Creating tile plot for categorical data (logistic), Parasite_Exposed vs Flavobacterium
2026-04-24 18:38:44.174382 INFO::Creating tile plot for categorical data (logistic), Parasite_Exposed vs Bdellovibrio
2026-04-24 18:38:44.200285 INFO::Creating tile plot for categorical data (logistic), Parasite_Exposed vs Acinetobacter
2026-04-24 18:38:44.225411 INFO::Creating tile plot for categorical data (logistic), Parasite_Exposed vs Fuscovulum
2026-04-24 18:38:44.250514 INFO::Creating tile plot for categorical data (logistic), Parasite_Exposed vs NS9 marine group Genus
2026-04-24 18:38:44.275634 INFO::Creating tile plot for categorical data (logistic), Parasite_Exposed vs Chryseotalea
2026-04-24 18:38:44.300654 INFO::Creating tile plot for categorical data (logistic), Parasite_Exposed vs Rhizobium
2026-04-24 18:38:44.325454 INFO::Creating tile plot for categorical data (logistic), Parasite_Exposed vs Vampirovibrionaceae Genus
2026-04-24 18:38:44.35132 INFO::Creating tile plot for categorical data (logistic), Parasite_Exposed vs Vogesella
2026-04-24 18:38:44.376477 INFO::Creating tile plot for categorical data (logistic), Parasite_Exposed vs Bradyrhizobium
2026-04-24 18:38:44.402757 INFO::Creating tile plot for categorical data (logistic), Parasite_Exposed vs Rubrivivax
2026-04-24 18:38:44.429321 INFO::Creating box plot for categorical data (linear), 
                        Parasite_Exposed vs Pseudomonas
2026-04-24 18:38:44.459239 INFO::Creating box plot for categorical data (linear), 
                        Parasite_Exposed vs Cloacibacterium
2026-04-24 18:38:44.480813 INFO::Creating tile plot for categorical data (logistic), Parasite_Exposed vs Rhodocyclaceae Genus
2026-04-24 18:38:44.505947 INFO::Creating box plot for categorical data (linear), 
                        Parasite_Exposed vs Aeromonas
2026-04-24 18:38:44.527708 INFO::Creating tile plot for categorical data (logistic), Parasite_Exposed vs Niveibacterium
2026-04-24 18:38:44.552926 INFO::Creating tile plot for categorical data (logistic), Parasite_Exposed vs Devosia
2026-04-24 18:38:44.578291 INFO::Creating box plot for categorical data (linear), 
                        Parasite_Exposed vs Rubrivivax
2026-04-24 18:38:44.599962 INFO::Creating tile plot for categorical data (logistic), Parasite_Exposed vs Nocardia
2026-04-24 18:38:44.62517 INFO::Creating tile plot for categorical data (logistic), Parasite_Exposed vs Rhizobiaceae Genus
2026-04-24 18:38:44.649998 INFO::Creating tile plot for categorical data (logistic), Parasite_Exposed vs Sutterellaceae Genus
2026-04-24 18:38:44.674892 INFO::Creating tile plot for categorical data (logistic), Parasite_Exposed vs Paenirhodobacter
2026-04-24 18:38:44.700252 INFO::Creating box plot for categorical data (linear), 
                        Parasite_Exposed vs Flavobacterium
2026-04-24 18:38:44.729113 INFO::Creating box plot for categorical data (linear), 
                        Parasite_Exposed vs Cellvibrio
2026-04-24 18:38:44.750355 INFO::Creating tile plot for categorical data (logistic), Parasite_Exposed vs SH-PL14
2026-04-24 18:38:44.774999 INFO::Creating tile plot for categorical data (logistic), Parasite_Exposed vs Gemmobacter
2026-04-24 18:38:44.799773 INFO::Creating box plot for categorical data (linear), 
                        Parasite_Exposed vs Emticicia
