2026-04-24 18:40:36.844498 INFO::Writing function arguments to log file
2026-04-24 18:40:36.844952 DEBUG::Function arguments
2026-04-24 18:40:36.845185 DEBUG::Output folder: /Users/michaelsieler/Library/CloudStorage/Dropbox/Documents/Sharpton_Lab/Projects_Repository/Sieler2026/Results/03__DiffAbund/Stats/maaslin_Mortality_Tank
2026-04-24 18:40:36.845337 DEBUG::Formula: ~ percent_mortality + (1|Tank.ID)
2026-04-24 18:40:36.845454 DEBUG::Fixed effects:
2026-04-24 18:40:36.845565 DEBUG::Reference:
2026-04-24 18:40:36.845671 DEBUG::Random effects:
2026-04-24 18:40:36.845807 DEBUG::Group effects:
2026-04-24 18:40:36.845919 DEBUG::Ordered effects:
2026-04-24 18:40:36.846024 DEBUG::Strata effects:
2026-04-24 18:40:36.84614 DEBUG::Min Abundance: 0.001000
2026-04-24 18:40:36.84625 DEBUG::Min Prevalence: 0.100000
2026-04-24 18:40:36.846382 DEBUG::Max Prevalence: 1.010000
2026-04-24 18:40:36.84651 DEBUG::Zero Threshold: 0.000000
2026-04-24 18:40:36.846614 DEBUG::Min variance: 0.000000
2026-04-24 18:40:36.846723 DEBUG::Max significance: 0.100000
2026-04-24 18:40:36.846831 DEBUG::Normalization: TSS
2026-04-24 18:40:36.84693 DEBUG::Transform: LOG
2026-04-24 18:40:36.847034 DEBUG::Correction method: BH
2026-04-24 18:40:36.847132 DEBUG::Standardize: FALSE
2026-04-24 18:40:36.84723 DEBUG::Abundance median comparison: TRUE
2026-04-24 18:40:36.847327 DEBUG::Prevalence median comparison: FALSE
2026-04-24 18:40:36.847421 DEBUG::Abundance median comparison threshold: 0
2026-04-24 18:40:36.847522 DEBUG::Prevalence median comparison threshold: 0
2026-04-24 18:40:36.847617 DEBUG::Subtract median: FALSE
2026-04-24 18:40:36.847709 DEBUG::Warn prevalence: TRUE
2026-04-24 18:40:36.847804 DEBUG::Small random effects: TRUE
2026-04-24 18:40:36.8479 DEBUG::Augment: TRUE
2026-04-24 18:40:36.847993 DEBUG::Evaluate only:
2026-04-24 18:40:36.848093 DEBUG::Cores: 8
2026-04-24 18:40:36.848191 DEBUG::Balanced Summary plot: FALSE
2026-04-24 18:40:36.848294 INFO::Verifying options selected are valid
2026-04-24 18:40:36.848543 INFO::Determining format of input files
2026-04-24 18:40:36.848746 INFO::Input format is data samples as rows and metadata samples as rows
2026-04-24 18:40:36.848944 DEBUG::A total of 235 samples were found in both the data and metadata
2026-04-24 18:40:36.849079 DEBUG::Reordering data/metadata to use same sample ordering
2026-04-24 18:40:36.850498 INFO::Running selected normalization method: TSS
2026-04-24 18:40:36.856955 INFO::Creating output feature tables folder
2026-04-24 18:40:36.857482 INFO::Writing normalized data to file /Users/michaelsieler/Library/CloudStorage/Dropbox/Documents/Sharpton_Lab/Projects_Repository/Sieler2026/Results/03__DiffAbund/Stats/maaslin_Mortality_Tank/features/data_norm.tsv
2026-04-24 18:40:36.87115 INFO::Filter data based on min abundance, min prevalence, and max prevalence
2026-04-24 18:40:36.871425 INFO::Total samples in data: 235
2026-04-24 18:40:36.871617 INFO::Min samples required with min abundance for a feature not to be filtered: 23.500000
2026-04-24 18:40:36.871794 INFO::Max samples allowed with min abundance for a feature not to be filtered: 237.350000
2026-04-24 18:40:36.890297 INFO::Total filtered features: 306
2026-04-24 18:40:36.890819 INFO::Filtered feature names from abundance, min prevalence, and max prevalence filtering: Oleiharenicola, Halomonas, Pseudorhodoplanes, Exiguobacterium, Parachlamydiaceae Genus, Fluviicoccus, Rickettsiaceae Genus, Rhodovarius, Chitinophagales Genus, SWB02, Noviherbaspirillum, Crenobacter, Blfdi19 Genus, Streptococcus, Rhodospirillales Genus, Chloroflexaceae Genus, Paracaedibacteraceae Genus, Lutispora, Beijerinckiaceae Genus, Piscinibacter, Rhodococcus, Frankiales Genus, Bacillus, Phaselicystis, Pedomicrobium, Reyranella, JGI 0001001-H03, Obscuribacteraceae Genus, Candidatus Bealeia, Luteolibacter, Babeliaceae Genus, Ideonella, Arthrobacter, Candidatus Obscuribacter, Hyphomonadaceae Genus, Lysobacter, Terrimonas, Leuconostoc, Psychromonas, Sediminibacterium, SM1A02, Deinococcus, Larkinella, Burkholderia-Caballeronia-Paraburkholderia, Fimbriimonadaceae Genus, Brevifollis, Pajaroellobacter, IS-44, Brevibacterium, Marmoricola, Hyphomicrobium, Cytophaga, Gracilibacteria Genus, Verrucomicrobiaceae Genus, Candidatus Protochlamydia, Armatimonadaceae Genus, Alphaproteobacteria Genus, Microscillaceae Genus, Paludibaculum, Xanthobacteraceae Genus, Sphingomonas, Ilumatobacter, Chryseobacterium, Peptostreptococcus, Leeia, Brevundimonas, Chlamydiales Genus, Agitococcus, Microtrichaceae Genus, Novispirillum, Paucibacter, Unknown Family Genus, Uliginosibacterium, Novosphingobium, Candidatus Berkiella, Pseudobdellovibrio, Chitinibacter, Polyangiia Genus, P3OB-42, Limnobacter, A21b Genus, Shinella, Hydrogenophaga, Burkholderiales Genus, AAP99, SM2D12 Genus, Turicibacter, Rickettsiella, Stagnimonas, Vibrio, Candidatus Ovatusbacter, Vampirovibrio, Bryobacteraceae Genus, Granulicatella, Sphingobium, IMCC26207, Truepera, Caulobacter, Tetragenococcus, Abditibacterium, Chitinivorax, Saccharimonadales Genus, Fundidesulfovibrio, Neochlamydia, Sandaracinaceae Genus, Leucobacter, Ga0077536 Genus, Verrucomicrobiia Genus, Phenylobacterium, Opitutaceae Genus, Micrococcus, Anaerovorax, Micavibrionales Genus, 37-13 Genus, Paracoccus, Sphingopyxis, Rhizorhapis, Gaiellales Genus, Kinneretia, 0319-6G20 Genus, Lactobacillus, Marinomonas, cvE6 Genus, Pir4 lineage, JG30-KF-CM45 Genus, Candidatus Nomurabacteria Genus, mle1-27 Genus, Methylibium, Polymorphobacter, Dyadobacter, Caedibacter, Chitinophagaceae Genus, Agromyces, LiUU-11-161 Genus, Pararhodobacter, Ligilactobacillus, Stella, Neisseriaceae Genus, TM7a, Mariniblastus, Holosporaceae Genus, Parvibium, Afipia, Pseudolysobacter, Arthrospira PCC-7345, Citrobacter, Loigolactobacillus, Glutamicibacter, Rothia, Candidatus Megaira, alphaI cluster, NS11-12 marine group Genus, Blastococcus, Dietzia, Candidatus Finniella, Candidatus Alysiosphaera, Geminicoccaceae Genus, Bacilli Genus, Gemmatimonas, TRA3-20 Genus, Aquicella, KD4-96 Genus, Curvibacter, Brucella, CM1G08, Nocardioides, Aerococcus, Chloracidobacterium, Staphylococcus, Vicinamibacteraceae Genus, Flavihumibacter, Kineosporiaceae Genus, PB19 Genus, Anaerocolumna, Candidatus Paracaedibacter, Thermodesulfobacteriota Genus, Rhizorhabdus, BIrii41 Genus, Kapabacteriales Genus, Dechlorobacter, Aeromicrobium, CL500-3, Ruminiclostridium, Sphingomonadaceae Genus, DEV007 Genus, Pyrinomonadaceae Genus, Nevskiaceae Genus, Vagococcus, Acetobacteroides, Variovorax, Blastocatella, Bryobacter, Trueperella, Ottowia, Oscillospiraceae Genus, Oligoflexaceae Genus, Stenotrophomonas, Pirellula, Sandaracinus, Babeliales Genus, 67-14 Genus, RBG-13-54-9 Genus, Blastomonas, PeM15 Genus, Cypionkella, Caldilineaceae Genus, Enterococcus, Allomeiothermus, Paraconexibacter, Silvanigrellaceae Genus, Defluviimonas, Microbulbifer, Rheinheimera, Ellin6055, Terrisporobacter, Massilia, 11-24 Genus, Thermomicrobiales Genus, Chloronema, Paraclostridium, Pseudomonadales Genus, Methylorubrum, Candidatus Captivus, Weissella, MBNT15 Genus, Brevitalea, Spirosomataceae Genus, Sporichthyaceae Genus, Gemmatimonadaceae Genus, Vibrionaceae Genus, Rhodopseudomonas, Armatimonadota Genus, Thermoactinomycetaceae Genus, DEV114, Simkaniaceae Genus, Azospira, Eremiobacteria Genus, Hirschia, Knoellia, Anoxybacillus, OLB12, Thermus, Sporomusaceae Genus, Chitinimonas, Levilactobacillus, Lysinibacillus, Frisingicoccus, Lactococcus, Rhodospirillaceae Genus, Raineya, Barnesiellaceae Genus, NB1-j Genus, Pirellulaceae Genus, Ferruginibacter, Altererythrobacter, Methylobacterium, Kocuria, Pediococcus, Peptoniphilus, Methylocystis, Mesorhizobium, Hyphomicrobiales Genus, Hassallia, Nannocystis, WY65, Chthoniobacter, Turneriella, Permianibacter, Pseudoduganella, Nordella, Sporocytophaga, Delftia, Steroidobacter, Latilactobacillus, Serinicoccus, Roseicella, IMCC26134, Parcubacteria Genus, Pseudoxanthomonas, Flectobacillus, Desulfotomaculum, Rubripirellula, Candidatus Accumulibacter, KD3-10, Lacibacter, Propionivibrio, Peptostreptococcaceae Genus, Romboutsia, Opitutus, Enhydrobacter, AKYH767 Genus, Lautropia, Methyloversatilis, Bordetella, Dongia, Ramlibacter, Panacibacter, Elsteraceae Genus, Perlucidibaca, Coxiella, Acetivibrio, Polyangiaceae Genus, Agrobacterium, Anaerotaenia, Limosilactobacillus, CL500-29 marine group
2026-04-24 18:40:36.891887 INFO::Total features filtered by non-zero variance filtering: 0
2026-04-24 18:40:36.892126 INFO::Filtered feature names from variance filtering:
2026-04-24 18:40:36.892332 INFO::Writing filtered data to file /Users/michaelsieler/Library/CloudStorage/Dropbox/Documents/Sharpton_Lab/Projects_Repository/Sieler2026/Results/03__DiffAbund/Stats/maaslin_Mortality_Tank/features/filtered_data.tsv
2026-04-24 18:40:36.897714 INFO::Running selected transform method: LOG
2026-04-24 18:40:36.898445 INFO::Writing normalized, filtered, transformed data to file /Users/michaelsieler/Library/CloudStorage/Dropbox/Documents/Sharpton_Lab/Projects_Repository/Sieler2026/Results/03__DiffAbund/Stats/maaslin_Mortality_Tank/features/data_transformed.tsv
2026-04-24 18:40:36.903937 INFO::Bypass z-score application to metadata
2026-04-24 18:40:36.904215 INFO::Running the linear model component
2026-04-24 18:40:36.905269 INFO::Creating cluster of 8 R processes
2026-04-24 18:40:40.176784 DEBUG::Object: augment, Size: 56
2026-04-24 18:40:40.177315 DEBUG::Object: cluster, Size: 11928
2026-04-24 18:40:40.177486 DEBUG::Object: cores, Size: 56
2026-04-24 18:40:40.177641 DEBUG::Object: correction, Size: 112
2026-04-24 18:40:40.177769 DEBUG::Object: extract_out, Size: 1864
2026-04-24 18:40:40.177899 DEBUG::Object: feature_specific_covariate, Size: 0
2026-04-24 18:40:40.178026 DEBUG::Object: feature_specific_covariate_name, Size: 0
2026-04-24 18:40:40.178157 DEBUG::Object: feature_specific_covariate_record, Size: 0
2026-04-24 18:40:40.178296 DEBUG::Object: features, Size: 164520
2026-04-24 18:40:40.178415 DEBUG::Object: formula, Size: 1456
2026-04-24 18:40:40.178543 DEBUG::Object: fun_list, Size: 124640
2026-04-24 18:40:40.1787 DEBUG::Object: func_to_run, Size: 435336
2026-04-24 18:40:40.17881 DEBUG::Object: groups, Size: 48
2026-04-24 18:40:40.178924 DEBUG::Object: median_comparison, Size: 56
2026-04-24 18:40:40.17904 DEBUG::Object: median_comparison_threshold, Size: 56
2026-04-24 18:40:40.179186 DEBUG::Object: metadata, Size: 161176
2026-04-24 18:40:40.179333 DEBUG::Object: model, Size: 112
2026-04-24 18:40:40.179457 DEBUG::Object: model_function, Size: 71464
2026-04-24 18:40:40.179586 DEBUG::Object: ordereds, Size: 48
2026-04-24 18:40:40.179704 DEBUG::Object: random_effects_formula, Size: 1456
2026-04-24 18:40:40.179822 DEBUG::Object: ranef_function, Size: 1240
2026-04-24 18:40:40.179951 DEBUG::Object: save_models, Size: 56
2026-04-24 18:40:40.180071 DEBUG::Object: small_random_effects, Size: 56
2026-04-24 18:40:40.180185 DEBUG::Object: strata, Size: 48
2026-04-24 18:40:40.18032 DEBUG::Object: subtract_median, Size: 56
2026-04-24 18:40:40.180474 DEBUG::Object: summary_function, Size: 51456
2026-04-24 18:40:40.180646 DEBUG::Object: func_to_run, Size: 435336
2026-04-24 18:40:41.183993 INFO::Performing tests against medians
2026-04-24 18:40:41.342991 INFO::Counting total values for each feature
2026-04-24 18:40:41.344679 INFO::Running the logistic model component
2026-04-24 18:40:41.346412 INFO::Creating cluster of 8 R processes
2026-04-24 18:40:44.464104 DEBUG::Object: augment, Size: 56
2026-04-24 18:40:44.464478 DEBUG::Object: cluster, Size: 11928
2026-04-24 18:40:44.464621 DEBUG::Object: cores, Size: 56
2026-04-24 18:40:44.464747 DEBUG::Object: correction, Size: 112
2026-04-24 18:40:44.464865 DEBUG::Object: extract_out, Size: 1864
2026-04-24 18:40:44.46498 DEBUG::Object: feature_specific_covariate, Size: 0
2026-04-24 18:40:44.465098 DEBUG::Object: feature_specific_covariate_name, Size: 0
2026-04-24 18:40:44.465211 DEBUG::Object: feature_specific_covariate_record, Size: 0
2026-04-24 18:40:44.465329 DEBUG::Object: features, Size: 160264
2026-04-24 18:40:44.46544 DEBUG::Object: fixed_part, Size: 728
2026-04-24 18:40:44.465552 DEBUG::Object: formula, Size: 1008
2026-04-24 18:40:44.465673 DEBUG::Object: fun_list, Size: 70920
2026-04-24 18:40:44.46583 DEBUG::Object: func_to_run, Size: 435336
2026-04-24 18:40:44.465939 DEBUG::Object: grouping, Size: 112
2026-04-24 18:40:44.466092 DEBUG::Object: groups, Size: 48
2026-04-24 18:40:44.466204 DEBUG::Object: median_comparison, Size: 56
2026-04-24 18:40:44.466317 DEBUG::Object: median_comparison_threshold, Size: 56
2026-04-24 18:40:44.46647 DEBUG::Object: metadata, Size: 161176
2026-04-24 18:40:44.466583 DEBUG::Object: model, Size: 120
2026-04-24 18:40:44.466695 DEBUG::Object: model_function, Size: 21016
2026-04-24 18:40:44.466803 DEBUG::Object: new_formula, Size: 1008
2026-04-24 18:40:44.466911 DEBUG::Object: ordereds, Size: 48
2026-04-24 18:40:44.467027 DEBUG::Object: random_effects_formula, Size: 0
2026-04-24 18:40:44.467138 DEBUG::Object: random_terms, Size: 392
2026-04-24 18:40:44.467248 DEBUG::Object: ranef_function, Size: 0
2026-04-24 18:40:44.467355 DEBUG::Object: save_models, Size: 56
2026-04-24 18:40:44.46747 DEBUG::Object: small_random_effects, Size: 56
2026-04-24 18:40:44.467586 DEBUG::Object: strata, Size: 48
2026-04-24 18:40:44.467694 DEBUG::Object: subtract_median, Size: 56
2026-04-24 18:40:44.467808 DEBUG::Object: summary_function, Size: 49424
2026-04-24 18:40:44.46796 DEBUG::Object: func_to_run, Size: 435336
2026-04-24 18:40:46.184189 INFO::Counting total values for each feature
2026-04-24 18:40:46.185964 INFO::Re-running abundances for warn_prevalence
2026-04-24 18:40:46.186282 INFO::Running selected normalization method: TSS
2026-04-24 18:40:46.192361 INFO::Running selected transform method: LOG
2026-04-24 18:40:46.193939 INFO::Creating cluster of 8 R processes
2026-04-24 18:40:49.491723 DEBUG::Object: augment, Size: 56
2026-04-24 18:40:49.492105 DEBUG::Object: cluster, Size: 11928
2026-04-24 18:40:49.492331 DEBUG::Object: cores, Size: 56
2026-04-24 18:40:49.492476 DEBUG::Object: correction, Size: 112
2026-04-24 18:40:49.492635 DEBUG::Object: extract_out, Size: 1864
2026-04-24 18:40:49.492768 DEBUG::Object: feature_specific_covariate, Size: 0
2026-04-24 18:40:49.492904 DEBUG::Object: feature_specific_covariate_name, Size: 0
2026-04-24 18:40:49.493046 DEBUG::Object: feature_specific_covariate_record, Size: 0
2026-04-24 18:40:49.49322 DEBUG::Object: features, Size: 164520
2026-04-24 18:40:49.493379 DEBUG::Object: formula, Size: 1456
2026-04-24 18:40:49.49355 DEBUG::Object: fun_list, Size: 124640
2026-04-24 18:40:49.493821 DEBUG::Object: func_to_run, Size: 435336
2026-04-24 18:40:49.494027 DEBUG::Object: groups, Size: 48
2026-04-24 18:40:49.494181 DEBUG::Object: median_comparison, Size: 56
2026-04-24 18:40:49.494311 DEBUG::Object: median_comparison_threshold, Size: 56
2026-04-24 18:40:49.494494 DEBUG::Object: metadata, Size: 161176
2026-04-24 18:40:49.494624 DEBUG::Object: model, Size: 112
2026-04-24 18:40:49.494761 DEBUG::Object: model_function, Size: 71464
2026-04-24 18:40:49.49488 DEBUG::Object: ordereds, Size: 48
2026-04-24 18:40:49.495003 DEBUG::Object: random_effects_formula, Size: 1456
2026-04-24 18:40:49.49512 DEBUG::Object: ranef_function, Size: 1240
2026-04-24 18:40:49.495235 DEBUG::Object: save_models, Size: 56
2026-04-24 18:40:49.495347 DEBUG::Object: small_random_effects, Size: 56
2026-04-24 18:40:49.495456 DEBUG::Object: strata, Size: 48
2026-04-24 18:40:49.495564 DEBUG::Object: subtract_median, Size: 56
2026-04-24 18:40:49.495678 DEBUG::Object: summary_function, Size: 51456
2026-04-24 18:40:49.495863 DEBUG::Object: func_to_run, Size: 435336
2026-04-24 18:40:50.512847 INFO::Creating fits folder
2026-04-24 18:40:50.513619 INFO::Writing residuals to file /Users/michaelsieler/Library/CloudStorage/Dropbox/Documents/Sharpton_Lab/Projects_Repository/Sieler2026/Results/03__DiffAbund/Stats/maaslin_Mortality_Tank/fits/residuals_linear.rds
2026-04-24 18:40:50.517169 INFO::Writing fitted values to file /Users/michaelsieler/Library/CloudStorage/Dropbox/Documents/Sharpton_Lab/Projects_Repository/Sieler2026/Results/03__DiffAbund/Stats/maaslin_Mortality_Tank/fits/fitted_linear.rds
2026-04-24 18:40:50.519299 INFO::Writing extracted random effects to file /Users/michaelsieler/Library/CloudStorage/Dropbox/Documents/Sharpton_Lab/Projects_Repository/Sieler2026/Results/03__DiffAbund/Stats/maaslin_Mortality_Tank/fits/ranef_linear.rds
2026-04-24 18:40:50.519921 INFO::Writing residuals to file /Users/michaelsieler/Library/CloudStorage/Dropbox/Documents/Sharpton_Lab/Projects_Repository/Sieler2026/Results/03__DiffAbund/Stats/maaslin_Mortality_Tank/fits/residuals_logistic.rds
2026-04-24 18:40:50.52358 INFO::Writing fitted values to file /Users/michaelsieler/Library/CloudStorage/Dropbox/Documents/Sharpton_Lab/Projects_Repository/Sieler2026/Results/03__DiffAbund/Stats/maaslin_Mortality_Tank/fits/fitted_logistic.rds
2026-04-24 18:40:50.527289 INFO::Writing extracted random effects to file /Users/michaelsieler/Library/CloudStorage/Dropbox/Documents/Sharpton_Lab/Projects_Repository/Sieler2026/Results/03__DiffAbund/Stats/maaslin_Mortality_Tank/fits/ranef_logistic.rds
2026-04-24 18:40:50.528187 INFO::Writing all the results to file (ordered 
            by increasing individual q-values): /Users/michaelsieler/Library/CloudStorage/Dropbox/Documents/Sharpton_Lab/Projects_Repository/Sieler2026/Results/03__DiffAbund/Stats/maaslin_Mortality_Tank/all_results.tsv
2026-04-24 18:40:50.529228 INFO::Writing the significant results without errors (those which have joint q-values less than or equal to the threshold of 0.100000 ) to file (ordered by increasing individual q-values): /Users/michaelsieler/Library/CloudStorage/Dropbox/Documents/Sharpton_Lab/Projects_Repository/Sieler2026/Results/03__DiffAbund/Stats/maaslin_Mortality_Tank/significant_results.tsv
2026-04-24 18:40:50.529799 INFO::Creating output figures folder
2026-04-24 18:40:50.530167 INFO::Writing summary plot of significant
                        results to file: /Users/michaelsieler/Library/CloudStorage/Dropbox/Documents/Sharpton_Lab/Projects_Repository/Sieler2026/Results/03__DiffAbund/Stats/maaslin_Mortality_Tank/figures/summary_plot.pdf
2026-04-24 18:40:50.976692 INFO::Writing association plots (one for each significant association) to output folder: /Users/michaelsieler/Library/CloudStorage/Dropbox/Documents/Sharpton_Lab/Projects_Repository/Sieler2026/Results/03__DiffAbund/Stats/maaslin_Mortality_Tank/figures
2026-04-24 18:40:50.977376 INFO::Plotting associations from most to least significant, grouped by metadata
2026-04-24 18:40:50.979183 INFO::Creating boxplot for continuous data (logistic), percent_mortality vs Sutterellaceae Genus
2026-04-24 18:40:51.00429 INFO::Creating boxplot for continuous data (logistic), percent_mortality vs Clostridium
2026-04-24 18:40:51.030973 INFO::Creating boxplot for continuous data (logistic), percent_mortality vs Flavobacterium
2026-04-24 18:40:51.059174 INFO::Creating boxplot for continuous data (logistic), percent_mortality vs Cloacibacterium
2026-04-24 18:40:51.088618 INFO::Creating boxplot for continuous data (logistic), percent_mortality vs Niveibacterium
2026-04-24 18:40:51.116718 INFO::Creating boxplot for continuous data (logistic), percent_mortality vs Acinetobacter
2026-04-24 18:40:51.142591 INFO::Creating scatter plot for continuous 
                        data (linear), percent_mortality vs Shewanella
2026-04-24 18:40:51.184911 INFO::Creating boxplot for continuous data (logistic), percent_mortality vs Nitrosomonas
2026-04-24 18:40:51.208631 INFO::Creating boxplot for continuous data (logistic), percent_mortality vs Rubrivivax
2026-04-24 18:40:51.231887 INFO::Creating boxplot for continuous data (logistic), percent_mortality vs Undibacterium
2026-04-24 18:40:51.256529 INFO::Creating boxplot for continuous data (logistic), percent_mortality vs Shewanella
2026-04-24 18:40:51.280118 INFO::Creating boxplot for continuous data (logistic), percent_mortality vs Fluviicola
2026-04-24 18:40:51.303889 INFO::Creating scatter plot for continuous 
                        data (linear), percent_mortality vs Culicoidibacter
2026-04-24 18:40:51.325433 INFO::Creating scatter plot for continuous 
                        data (linear), percent_mortality vs Flavobacterium
2026-04-24 18:40:51.347812 INFO::Creating boxplot for continuous data (logistic), percent_mortality vs Dechloromonas
2026-04-24 18:40:51.371797 INFO::Creating scatter plot for continuous 
                        data (linear), percent_mortality vs Cetobacterium
2026-04-24 18:40:51.392883 INFO::Creating boxplot for continuous data (logistic), percent_mortality vs Rhizobiaceae Genus
2026-04-24 18:40:51.418004 INFO::Creating boxplot for continuous data (logistic), percent_mortality vs Saprospiraceae Genus
2026-04-24 18:40:51.442133 INFO::Creating boxplot for continuous data (logistic), percent_mortality vs Bdellovibrio
2026-04-24 18:40:51.465956 INFO::Creating boxplot for continuous data (logistic), percent_mortality vs Bradyrhizobium
2026-04-24 18:40:51.491416 INFO::Creating boxplot for continuous data (logistic), percent_mortality vs Nitrospira
2026-04-24 18:40:51.515763 INFO::Creating boxplot for continuous data (logistic), percent_mortality vs Culicoidibacter
2026-04-24 18:40:51.539472 INFO::Creating boxplot for continuous data (logistic), percent_mortality vs Aquabacterium
2026-04-24 18:40:51.563901 INFO::Creating boxplot for continuous data (logistic), percent_mortality vs Telmatocola
