2026-04-24 18:40:16.211045 INFO::Writing function arguments to log file
2026-04-24 18:40:16.211377 DEBUG::Function arguments
2026-04-24 18:40:16.211506 DEBUG::Output folder: /Users/michaelsieler/Library/CloudStorage/Dropbox/Documents/Sharpton_Lab/Projects_Repository/Sieler2026/Results/03__DiffAbund/Stats/maaslin_Mortality_noTank
2026-04-24 18:40:16.211614 DEBUG::Formula: ~ percent_mortality
2026-04-24 18:40:16.211722 DEBUG::Fixed effects:
2026-04-24 18:40:16.211834 DEBUG::Reference:
2026-04-24 18:40:16.21198 DEBUG::Random effects:
2026-04-24 18:40:16.212205 DEBUG::Group effects:
2026-04-24 18:40:16.212364 DEBUG::Ordered effects:
2026-04-24 18:40:16.21249 DEBUG::Strata effects:
2026-04-24 18:40:16.212608 DEBUG::Min Abundance: 0.001000
2026-04-24 18:40:16.212714 DEBUG::Min Prevalence: 0.100000
2026-04-24 18:40:16.212816 DEBUG::Max Prevalence: 1.010000
2026-04-24 18:40:16.212916 DEBUG::Zero Threshold: 0.000000
2026-04-24 18:40:16.213017 DEBUG::Min variance: 0.000000
2026-04-24 18:40:16.213116 DEBUG::Max significance: 0.100000
2026-04-24 18:40:16.213212 DEBUG::Normalization: TSS
2026-04-24 18:40:16.21331 DEBUG::Transform: LOG
2026-04-24 18:40:16.21341 DEBUG::Correction method: BH
2026-04-24 18:40:16.213508 DEBUG::Standardize: FALSE
2026-04-24 18:40:16.213646 DEBUG::Abundance median comparison: TRUE
2026-04-24 18:40:16.213872 DEBUG::Prevalence median comparison: FALSE
2026-04-24 18:40:16.213993 DEBUG::Abundance median comparison threshold: 0
2026-04-24 18:40:16.2141 DEBUG::Prevalence median comparison threshold: 0
2026-04-24 18:40:16.214202 DEBUG::Subtract median: FALSE
2026-04-24 18:40:16.214301 DEBUG::Warn prevalence: TRUE
2026-04-24 18:40:16.214399 DEBUG::Small random effects: FALSE
2026-04-24 18:40:16.214497 DEBUG::Augment: TRUE
2026-04-24 18:40:16.214596 DEBUG::Evaluate only:
2026-04-24 18:40:16.214692 DEBUG::Cores: 8
2026-04-24 18:40:16.214788 DEBUG::Balanced Summary plot: FALSE
2026-04-24 18:40:16.214891 INFO::Verifying options selected are valid
2026-04-24 18:40:16.21513 INFO::Determining format of input files
2026-04-24 18:40:16.215322 INFO::Input format is data samples as rows and metadata samples as rows
2026-04-24 18:40:16.215511 DEBUG::A total of 235 samples were found in both the data and metadata
2026-04-24 18:40:16.215697 DEBUG::Reordering data/metadata to use same sample ordering
2026-04-24 18:40:16.2171 INFO::Running selected normalization method: TSS
2026-04-24 18:40:16.223364 INFO::Creating output feature tables folder
2026-04-24 18:40:16.223766 INFO::Writing normalized data to file /Users/michaelsieler/Library/CloudStorage/Dropbox/Documents/Sharpton_Lab/Projects_Repository/Sieler2026/Results/03__DiffAbund/Stats/maaslin_Mortality_noTank/features/data_norm.tsv
2026-04-24 18:40:16.237946 INFO::Filter data based on min abundance, min prevalence, and max prevalence
2026-04-24 18:40:16.238212 INFO::Total samples in data: 235
2026-04-24 18:40:16.238413 INFO::Min samples required with min abundance for a feature not to be filtered: 23.500000
2026-04-24 18:40:16.238605 INFO::Max samples allowed with min abundance for a feature not to be filtered: 237.350000
2026-04-24 18:40:16.257004 INFO::Total filtered features: 306
2026-04-24 18:40:16.263864 INFO::Filtered feature names from abundance, min prevalence, and max prevalence filtering: Oleiharenicola, Halomonas, Pseudorhodoplanes, Exiguobacterium, Parachlamydiaceae Genus, Fluviicoccus, Rickettsiaceae Genus, Rhodovarius, Chitinophagales Genus, SWB02, Noviherbaspirillum, Crenobacter, Blfdi19 Genus, Streptococcus, Rhodospirillales Genus, Chloroflexaceae Genus, Paracaedibacteraceae Genus, Lutispora, Beijerinckiaceae Genus, Piscinibacter, Rhodococcus, Frankiales Genus, Bacillus, Phaselicystis, Pedomicrobium, Reyranella, JGI 0001001-H03, Obscuribacteraceae Genus, Candidatus Bealeia, Luteolibacter, Babeliaceae Genus, Ideonella, Arthrobacter, Candidatus Obscuribacter, Hyphomonadaceae Genus, Lysobacter, Terrimonas, Leuconostoc, Psychromonas, Sediminibacterium, SM1A02, Deinococcus, Larkinella, Burkholderia-Caballeronia-Paraburkholderia, Fimbriimonadaceae Genus, Brevifollis, Pajaroellobacter, IS-44, Brevibacterium, Marmoricola, Hyphomicrobium, Cytophaga, Gracilibacteria Genus, Verrucomicrobiaceae Genus, Candidatus Protochlamydia, Armatimonadaceae Genus, Alphaproteobacteria Genus, Microscillaceae Genus, Paludibaculum, Xanthobacteraceae Genus, Sphingomonas, Ilumatobacter, Chryseobacterium, Peptostreptococcus, Leeia, Brevundimonas, Chlamydiales Genus, Agitococcus, Microtrichaceae Genus, Novispirillum, Paucibacter, Unknown Family Genus, Uliginosibacterium, Novosphingobium, Candidatus Berkiella, Pseudobdellovibrio, Chitinibacter, Polyangiia Genus, P3OB-42, Limnobacter, A21b Genus, Shinella, Hydrogenophaga, Burkholderiales Genus, AAP99, SM2D12 Genus, Turicibacter, Rickettsiella, Stagnimonas, Vibrio, Candidatus Ovatusbacter, Vampirovibrio, Bryobacteraceae Genus, Granulicatella, Sphingobium, IMCC26207, Truepera, Caulobacter, Tetragenococcus, Abditibacterium, Chitinivorax, Saccharimonadales Genus, Fundidesulfovibrio, Neochlamydia, Sandaracinaceae Genus, Leucobacter, Ga0077536 Genus, Verrucomicrobiia Genus, Phenylobacterium, Opitutaceae Genus, Micrococcus, Anaerovorax, Micavibrionales Genus, 37-13 Genus, Paracoccus, Sphingopyxis, Rhizorhapis, Gaiellales Genus, Kinneretia, 0319-6G20 Genus, Lactobacillus, Marinomonas, cvE6 Genus, Pir4 lineage, JG30-KF-CM45 Genus, Candidatus Nomurabacteria Genus, mle1-27 Genus, Methylibium, Polymorphobacter, Dyadobacter, Caedibacter, Chitinophagaceae Genus, Agromyces, LiUU-11-161 Genus, Pararhodobacter, Ligilactobacillus, Stella, Neisseriaceae Genus, TM7a, Mariniblastus, Holosporaceae Genus, Parvibium, Afipia, Pseudolysobacter, Arthrospira PCC-7345, Citrobacter, Loigolactobacillus, Glutamicibacter, Rothia, Candidatus Megaira, alphaI cluster, NS11-12 marine group Genus, Blastococcus, Dietzia, Candidatus Finniella, Candidatus Alysiosphaera, Geminicoccaceae Genus, Bacilli Genus, Gemmatimonas, TRA3-20 Genus, Aquicella, KD4-96 Genus, Curvibacter, Brucella, CM1G08, Nocardioides, Aerococcus, Chloracidobacterium, Staphylococcus, Vicinamibacteraceae Genus, Flavihumibacter, Kineosporiaceae Genus, PB19 Genus, Anaerocolumna, Candidatus Paracaedibacter, Thermodesulfobacteriota Genus, Rhizorhabdus, BIrii41 Genus, Kapabacteriales Genus, Dechlorobacter, Aeromicrobium, CL500-3, Ruminiclostridium, Sphingomonadaceae Genus, DEV007 Genus, Pyrinomonadaceae Genus, Nevskiaceae Genus, Vagococcus, Acetobacteroides, Variovorax, Blastocatella, Bryobacter, Trueperella, Ottowia, Oscillospiraceae Genus, Oligoflexaceae Genus, Stenotrophomonas, Pirellula, Sandaracinus, Babeliales Genus, 67-14 Genus, RBG-13-54-9 Genus, Blastomonas, PeM15 Genus, Cypionkella, Caldilineaceae Genus, Enterococcus, Allomeiothermus, Paraconexibacter, Silvanigrellaceae Genus, Defluviimonas, Microbulbifer, Rheinheimera, Ellin6055, Terrisporobacter, Massilia, 11-24 Genus, Thermomicrobiales Genus, Chloronema, Paraclostridium, Pseudomonadales Genus, Methylorubrum, Candidatus Captivus, Weissella, MBNT15 Genus, Brevitalea, Spirosomataceae Genus, Sporichthyaceae Genus, Gemmatimonadaceae Genus, Vibrionaceae Genus, Rhodopseudomonas, Armatimonadota Genus, Thermoactinomycetaceae Genus, DEV114, Simkaniaceae Genus, Azospira, Eremiobacteria Genus, Hirschia, Knoellia, Anoxybacillus, OLB12, Thermus, Sporomusaceae Genus, Chitinimonas, Levilactobacillus, Lysinibacillus, Frisingicoccus, Lactococcus, Rhodospirillaceae Genus, Raineya, Barnesiellaceae Genus, NB1-j Genus, Pirellulaceae Genus, Ferruginibacter, Altererythrobacter, Methylobacterium, Kocuria, Pediococcus, Peptoniphilus, Methylocystis, Mesorhizobium, Hyphomicrobiales Genus, Hassallia, Nannocystis, WY65, Chthoniobacter, Turneriella, Permianibacter, Pseudoduganella, Nordella, Sporocytophaga, Delftia, Steroidobacter, Latilactobacillus, Serinicoccus, Roseicella, IMCC26134, Parcubacteria Genus, Pseudoxanthomonas, Flectobacillus, Desulfotomaculum, Rubripirellula, Candidatus Accumulibacter, KD3-10, Lacibacter, Propionivibrio, Peptostreptococcaceae Genus, Romboutsia, Opitutus, Enhydrobacter, AKYH767 Genus, Lautropia, Methyloversatilis, Bordetella, Dongia, Ramlibacter, Panacibacter, Elsteraceae Genus, Perlucidibaca, Coxiella, Acetivibrio, Polyangiaceae Genus, Agrobacterium, Anaerotaenia, Limosilactobacillus, CL500-29 marine group
2026-04-24 18:40:16.264984 INFO::Total features filtered by non-zero variance filtering: 0
2026-04-24 18:40:16.26521 INFO::Filtered feature names from variance filtering:
2026-04-24 18:40:16.2654 INFO::Writing filtered data to file /Users/michaelsieler/Library/CloudStorage/Dropbox/Documents/Sharpton_Lab/Projects_Repository/Sieler2026/Results/03__DiffAbund/Stats/maaslin_Mortality_noTank/features/filtered_data.tsv
2026-04-24 18:40:16.279479 INFO::Running selected transform method: LOG
2026-04-24 18:40:16.280441 INFO::Writing normalized, filtered, transformed data to file /Users/michaelsieler/Library/CloudStorage/Dropbox/Documents/Sharpton_Lab/Projects_Repository/Sieler2026/Results/03__DiffAbund/Stats/maaslin_Mortality_noTank/features/data_transformed.tsv
2026-04-24 18:40:16.286379 INFO::Bypass z-score application to metadata
2026-04-24 18:40:16.286712 INFO::Running the linear model component
2026-04-24 18:40:16.287794 INFO::Creating cluster of 8 R processes
2026-04-24 18:40:19.314199 DEBUG::Object: augment, Size: 56
2026-04-24 18:40:19.314769 DEBUG::Object: cluster, Size: 11928
2026-04-24 18:40:19.31494 DEBUG::Object: cores, Size: 56
2026-04-24 18:40:19.315066 DEBUG::Object: correction, Size: 112
2026-04-24 18:40:19.315181 DEBUG::Object: extract_out, Size: 1136
2026-04-24 18:40:19.315291 DEBUG::Object: feature_specific_covariate, Size: 0
2026-04-24 18:40:19.315399 DEBUG::Object: feature_specific_covariate_name, Size: 0
2026-04-24 18:40:19.315508 DEBUG::Object: feature_specific_covariate_record, Size: 0
2026-04-24 18:40:19.315623 DEBUG::Object: features, Size: 164520
2026-04-24 18:40:19.315731 DEBUG::Object: formula, Size: 728
2026-04-24 18:40:19.315844 DEBUG::Object: fun_list, Size: 58768
2026-04-24 18:40:19.315992 DEBUG::Object: func_to_run, Size: 435336
2026-04-24 18:40:19.3161 DEBUG::Object: groups, Size: 48
2026-04-24 18:40:19.316206 DEBUG::Object: median_comparison, Size: 56
2026-04-24 18:40:19.316311 DEBUG::Object: median_comparison_threshold, Size: 56
2026-04-24 18:40:19.316453 DEBUG::Object: metadata, Size: 161176
2026-04-24 18:40:19.316558 DEBUG::Object: model, Size: 112
2026-04-24 18:40:19.316662 DEBUG::Object: model_function, Size: 8864
2026-04-24 18:40:19.316765 DEBUG::Object: ordereds, Size: 48
2026-04-24 18:40:19.316867 DEBUG::Object: random_effects_formula, Size: 0
2026-04-24 18:40:19.316972 DEBUG::Object: ranef_function, Size: 0
2026-04-24 18:40:19.317076 DEBUG::Object: save_models, Size: 56
2026-04-24 18:40:19.317178 DEBUG::Object: small_random_effects, Size: 56
2026-04-24 18:40:19.317282 DEBUG::Object: strata, Size: 48
2026-04-24 18:40:19.317384 DEBUG::Object: subtract_median, Size: 56
2026-04-24 18:40:19.317492 DEBUG::Object: summary_function, Size: 49424
2026-04-24 18:40:19.317628 DEBUG::Object: func_to_run, Size: 435336
2026-04-24 18:40:19.47913 INFO::Performing tests against medians
2026-04-24 18:40:19.654307 INFO::Counting total values for each feature
2026-04-24 18:40:19.65581 INFO::Running the logistic model component
2026-04-24 18:40:19.656952 INFO::Creating cluster of 8 R processes
2026-04-24 18:40:22.736259 DEBUG::Object: augment, Size: 56
2026-04-24 18:40:22.736693 DEBUG::Object: cluster, Size: 11928
2026-04-24 18:40:22.736869 DEBUG::Object: cores, Size: 56
2026-04-24 18:40:22.737005 DEBUG::Object: correction, Size: 112
2026-04-24 18:40:22.737124 DEBUG::Object: extract_out, Size: 1136
2026-04-24 18:40:22.737239 DEBUG::Object: feature_specific_covariate, Size: 0
2026-04-24 18:40:22.737351 DEBUG::Object: feature_specific_covariate_name, Size: 0
2026-04-24 18:40:22.737466 DEBUG::Object: feature_specific_covariate_record, Size: 0
2026-04-24 18:40:22.737588 DEBUG::Object: features, Size: 160264
2026-04-24 18:40:22.737703 DEBUG::Object: formula, Size: 728
2026-04-24 18:40:22.737843 DEBUG::Object: fun_list, Size: 70920
2026-04-24 18:40:22.738019 DEBUG::Object: func_to_run, Size: 435336
2026-04-24 18:40:22.738142 DEBUG::Object: groups, Size: 48
2026-04-24 18:40:22.738258 DEBUG::Object: median_comparison, Size: 56
2026-04-24 18:40:22.738395 DEBUG::Object: median_comparison_threshold, Size: 56
2026-04-24 18:40:22.738555 DEBUG::Object: metadata, Size: 161176
2026-04-24 18:40:22.738667 DEBUG::Object: model, Size: 120
2026-04-24 18:40:22.73879 DEBUG::Object: model_function, Size: 21016
2026-04-24 18:40:22.739115 DEBUG::Object: ordereds, Size: 48
2026-04-24 18:40:22.739293 DEBUG::Object: random_effects_formula, Size: 0
2026-04-24 18:40:22.739434 DEBUG::Object: ranef_function, Size: 0
2026-04-24 18:40:22.739556 DEBUG::Object: save_models, Size: 56
2026-04-24 18:40:22.73967 DEBUG::Object: small_random_effects, Size: 56
2026-04-24 18:40:22.739781 DEBUG::Object: strata, Size: 48
2026-04-24 18:40:22.739915 DEBUG::Object: subtract_median, Size: 56
2026-04-24 18:40:22.740039 DEBUG::Object: summary_function, Size: 49424
2026-04-24 18:40:22.740184 DEBUG::Object: func_to_run, Size: 435336
2026-04-24 18:40:25.335698 INFO::Counting total values for each feature
2026-04-24 18:40:25.392429 INFO::Re-running abundances for warn_prevalence
2026-04-24 18:40:25.392918 INFO::Running selected normalization method: TSS
2026-04-24 18:40:25.673254 INFO::Running selected transform method: LOG
2026-04-24 18:40:25.687992 INFO::Creating cluster of 8 R processes
2026-04-24 18:40:29.233839 DEBUG::Object: augment, Size: 56
2026-04-24 18:40:29.234426 DEBUG::Object: cluster, Size: 11928
2026-04-24 18:40:29.234597 DEBUG::Object: cores, Size: 56
2026-04-24 18:40:29.234728 DEBUG::Object: correction, Size: 112
2026-04-24 18:40:29.234875 DEBUG::Object: extract_out, Size: 1136
2026-04-24 18:40:29.235008 DEBUG::Object: feature_specific_covariate, Size: 0
2026-04-24 18:40:29.235124 DEBUG::Object: feature_specific_covariate_name, Size: 0
2026-04-24 18:40:29.235235 DEBUG::Object: feature_specific_covariate_record, Size: 0
2026-04-24 18:40:29.23536 DEBUG::Object: features, Size: 164520
2026-04-24 18:40:29.235483 DEBUG::Object: formula, Size: 728
2026-04-24 18:40:29.235607 DEBUG::Object: fun_list, Size: 58768
2026-04-24 18:40:29.235771 DEBUG::Object: func_to_run, Size: 435336
2026-04-24 18:40:29.235893 DEBUG::Object: groups, Size: 48
2026-04-24 18:40:29.236005 DEBUG::Object: median_comparison, Size: 56
2026-04-24 18:40:29.236115 DEBUG::Object: median_comparison_threshold, Size: 56
2026-04-24 18:40:29.236265 DEBUG::Object: metadata, Size: 161176
2026-04-24 18:40:29.236377 DEBUG::Object: model, Size: 112
2026-04-24 18:40:29.236488 DEBUG::Object: model_function, Size: 8864
2026-04-24 18:40:29.236597 DEBUG::Object: ordereds, Size: 48
2026-04-24 18:40:29.236702 DEBUG::Object: random_effects_formula, Size: 0
2026-04-24 18:40:29.236812 DEBUG::Object: ranef_function, Size: 0
2026-04-24 18:40:29.236929 DEBUG::Object: save_models, Size: 56
2026-04-24 18:40:29.237045 DEBUG::Object: small_random_effects, Size: 56
2026-04-24 18:40:29.237153 DEBUG::Object: strata, Size: 48
2026-04-24 18:40:29.237259 DEBUG::Object: subtract_median, Size: 56
2026-04-24 18:40:29.237376 DEBUG::Object: summary_function, Size: 49424
2026-04-24 18:40:29.237551 DEBUG::Object: func_to_run, Size: 435336
2026-04-24 18:40:29.409473 INFO::Creating fits folder
2026-04-24 18:40:29.409992 INFO::Writing residuals to file /Users/michaelsieler/Library/CloudStorage/Dropbox/Documents/Sharpton_Lab/Projects_Repository/Sieler2026/Results/03__DiffAbund/Stats/maaslin_Mortality_noTank/fits/residuals_linear.rds
2026-04-24 18:40:29.413025 INFO::Writing fitted values to file /Users/michaelsieler/Library/CloudStorage/Dropbox/Documents/Sharpton_Lab/Projects_Repository/Sieler2026/Results/03__DiffAbund/Stats/maaslin_Mortality_noTank/fits/fitted_linear.rds
2026-04-24 18:40:29.414837 INFO::Writing residuals to file /Users/michaelsieler/Library/CloudStorage/Dropbox/Documents/Sharpton_Lab/Projects_Repository/Sieler2026/Results/03__DiffAbund/Stats/maaslin_Mortality_noTank/fits/residuals_logistic.rds
2026-04-24 18:40:29.417625 INFO::Writing fitted values to file /Users/michaelsieler/Library/CloudStorage/Dropbox/Documents/Sharpton_Lab/Projects_Repository/Sieler2026/Results/03__DiffAbund/Stats/maaslin_Mortality_noTank/fits/fitted_logistic.rds
2026-04-24 18:40:29.420585 INFO::Writing all the results to file (ordered 
            by increasing individual q-values): /Users/michaelsieler/Library/CloudStorage/Dropbox/Documents/Sharpton_Lab/Projects_Repository/Sieler2026/Results/03__DiffAbund/Stats/maaslin_Mortality_noTank/all_results.tsv
2026-04-24 18:40:29.421831 INFO::Writing the significant results without errors (those which have joint q-values less than or equal to the threshold of 0.100000 ) to file (ordered by increasing individual q-values): /Users/michaelsieler/Library/CloudStorage/Dropbox/Documents/Sharpton_Lab/Projects_Repository/Sieler2026/Results/03__DiffAbund/Stats/maaslin_Mortality_noTank/significant_results.tsv
2026-04-24 18:40:29.42259 INFO::Creating output figures folder
2026-04-24 18:40:29.423057 INFO::Writing summary plot of significant
                        results to file: /Users/michaelsieler/Library/CloudStorage/Dropbox/Documents/Sharpton_Lab/Projects_Repository/Sieler2026/Results/03__DiffAbund/Stats/maaslin_Mortality_noTank/figures/summary_plot.pdf
2026-04-24 18:40:29.855311 INFO::Writing association plots (one for each significant association) to output folder: /Users/michaelsieler/Library/CloudStorage/Dropbox/Documents/Sharpton_Lab/Projects_Repository/Sieler2026/Results/03__DiffAbund/Stats/maaslin_Mortality_noTank/figures
2026-04-24 18:40:29.855989 INFO::Plotting associations from most to least significant, grouped by metadata
2026-04-24 18:40:29.857432 INFO::Creating scatter plot for continuous 
                        data (linear), percent_mortality vs Culicoidibacter
2026-04-24 18:40:29.878606 INFO::Creating scatter plot for continuous 
                        data (linear), percent_mortality vs Shewanella
2026-04-24 18:40:29.899316 INFO::Creating scatter plot for continuous 
                        data (linear), percent_mortality vs Cetobacterium
2026-04-24 18:40:29.920147 INFO::Creating boxplot for continuous data (logistic), percent_mortality vs Sutterellaceae Genus
2026-04-24 18:40:29.942947 INFO::Creating boxplot for continuous data (logistic), percent_mortality vs Flavobacterium
2026-04-24 18:40:29.965799 INFO::Creating scatter plot for continuous 
                        data (linear), percent_mortality vs Flavobacterium
2026-04-24 18:40:29.986311 INFO::Creating boxplot for continuous data (logistic), percent_mortality vs Clostridium
2026-04-24 18:40:30.035694 INFO::Creating boxplot for continuous data (logistic), percent_mortality vs Cloacibacterium
2026-04-24 18:40:30.058098 INFO::Creating boxplot for continuous data (logistic), percent_mortality vs Acinetobacter
2026-04-24 18:40:30.081471 INFO::Creating scatter plot for continuous 
                        data (linear), percent_mortality vs Vogesella
2026-04-24 18:40:30.103656 INFO::Creating boxplot for continuous data (logistic), percent_mortality vs Niveibacterium
2026-04-24 18:40:30.126692 INFO::Creating scatter plot for continuous 
                        data (linear), percent_mortality vs Chitinilyticum
2026-04-24 18:40:30.146794 INFO::Creating scatter plot for continuous 
                        data (linear), percent_mortality vs Clostridium
2026-04-24 18:40:30.167098 INFO::Creating scatter plot for continuous 
                        data (linear), percent_mortality vs Niveibacterium
2026-04-24 18:40:30.187502 INFO::Creating boxplot for continuous data (logistic), percent_mortality vs Fluviicola
2026-04-24 18:40:30.210378 INFO::Creating boxplot for continuous data (logistic), percent_mortality vs Longivirga
2026-04-24 18:40:30.233668 INFO::Creating boxplot for continuous data (logistic), percent_mortality vs Undibacterium
2026-04-24 18:40:30.257163 INFO::Creating boxplot for continuous data (logistic), percent_mortality vs Bdellovibrio
2026-04-24 18:40:30.280741 INFO::Creating boxplot for continuous data (logistic), percent_mortality vs Rhizobiaceae Genus
2026-04-24 18:40:30.30439 INFO::Creating boxplot for continuous data (logistic), percent_mortality vs SH3-11
2026-04-24 18:40:30.32772 INFO::Creating scatter plot for continuous 
                        data (linear), percent_mortality vs Aquihabitans
2026-04-24 18:40:30.348137 INFO::Creating scatter plot for continuous 
                        data (linear), percent_mortality vs Cloacibacterium
2026-04-24 18:40:30.368732 INFO::Creating boxplot for continuous data (logistic), percent_mortality vs Nitrosomonas
2026-04-24 18:40:30.392331 INFO::Creating boxplot for continuous data (logistic), percent_mortality vs Rubrivivax
2026-04-24 18:40:30.417142 INFO::Creating boxplot for continuous data (logistic), percent_mortality vs Bradyrhizobium
2026-04-24 18:40:30.440844 INFO::Creating boxplot for continuous data (logistic), percent_mortality vs SH-PL14
